Loading hpcg/3.1_gcc_mvapich2
  Loading requirement: gcc/10.2.0 mvapich2/2.3.4
loaded modules:
Currently Loaded Modulefiles:
 1) slurm/19.05.7         3) gcc/10.2.0       5) hpcg/3.1_gcc_mvapich2  
 2) slurm/slurm/19.05.7   4) mvapich2/2.3.4  
Running script on host: fj017
Working directory: /lustre/projects/Buffalo/appker/benchmarks/hpcg/2020-11-27/gcc_mvapich2/run2/N_64/1
SLURM_NTASKS: 3072
Hostnames to use: fj[017-024,033-040,049-056,081-086,097-112,125-142]
fj017:48
fj018:48
fj019:48
fj020:48
fj021:48
fj022:48
fj023:48
fj024:48
fj033:48
fj034:48
fj035:48
fj036:48
fj037:48
fj038:48
fj039:48
fj040:48
fj049:48
fj050:48
fj051:48
fj052:48
fj053:48
fj054:48
fj055:48
fj056:48
fj081:48
fj082:48
fj083:48
fj084:48
fj085:48
fj086:48
fj097:48
fj098:48
fj099:48
fj100:48
fj101:48
fj102:48
fj103:48
fj104:48
fj105:48
fj106:48
fj107:48
fj108:48
fj109:48
fj110:48
fj111:48
fj112:48
fj125:48
fj126:48
fj127:48
fj128:48
fj129:48
fj130:48
fj131:48
fj132:48
fj133:48
fj134:48
fj135:48
fj136:48
fj137:48
fj138:48
fj139:48
fj140:48
fj141:48
fj142:48
which mpirun: /lustre/projects/global/software/a64fx/mvapich2/2.3.4/bin/mpirun
which app: /lustre/projects/Buffalo/appker/execs/hpcg/3.1/3.1_gcc_mvapich2/bin/xhpcg
srun: Warning: can't honor --ntasks-per-node set to 48 which doesn't match the requested tasks 64 with the number of requested nodes 64. Ignoring --ntasks-per-node.
[fj017:mpi_rank_0][rdma_open_hca] [Warning] Setting the  multirail policy to MV2_MRAIL_SHARING since RDMA_CM based multicast  is enabled.
[fj108:mpi_rank_1981][error_sighandler] Caught error: Bus error (signal 7)
[fj138:mpi_rank_2841][error_sighandler] Caught error: Bus error (signal 7)
[fj112:mpi_rank_2175][error_sighandler] Caught error: Bus error (signal 7)
[fj135:mpi_rank_2719][error_sighandler] Caught error: Bus error (signal 7)
[fj137:mpi_rank_2802][error_sighandler] Caught error: Bus error (signal 7)
[fj131:mpi_rank_2516][error_sighandler] Caught error: Bus error (signal 7)
[fj134:mpi_rank_2648][error_sighandler] Caught error: Bus error (signal 7)
[fj134:mpi_rank_2641][error_sighandler] Caught error: Bus error (signal 7)
[fj134:mpi_rank_2682][error_sighandler] Caught error: Bus error (signal 7)
[fj132:mpi_rank_2560][error_sighandler] Caught error: Bus error (signal 7)
[fj110:mpi_rank_2107][error_sighandler] Caught error: Bus error (signal 7)
[fj135:mpi_rank_2727][error_sighandler] Caught error: Bus error (signal 7)
[fj126:mpi_rank_2269][error_sighandler] Caught error: Bus error (signal 7)
[fj081:mpi_rank_1193][error_sighandler] Caught error: Bus error (signal 7)
[fj127:mpi_rank_2350][error_sighandler] Caught error: Bus error (signal 7)
[fj040:mpi_rank_750][error_sighandler] Caught error: Bus error (signal 7)
[fj040:mpi_rank_757][error_sighandler] Caught error: Bus error (signal 7)
[fj040:mpi_rank_745][error_sighandler] Caught error: Bus error (signal 7)
[fj040:mpi_rank_759][error_sighandler] Caught error: Bus error (signal 7)
[fj040:mpi_rank_734][error_sighandler] Caught error: Bus error (signal 7)
[fj040:mpi_rank_761][error_sighandler] Caught error: Bus error (signal 7)
[fj040:mpi_rank_766][error_sighandler] Caught error: Bus error (signal 7)
[fj040:mpi_rank_765][error_sighandler] Caught error: Bus error (signal 7)
[fj040:mpi_rank_747][error_sighandler] Caught error: Bus error (signal 7)
[fj037:mpi_rank_603][error_sighandler] Caught error: Bus error (signal 7)
[fj037:mpi_rank_615][error_sighandler] Caught error: Bus error (signal 7)
[fj021:mpi_rank_222][error_sighandler] Caught error: Bus error (signal 7)
[fj021:mpi_rank_231][error_sighandler] Caught error: Bus error (signal 7)
[fj021:mpi_rank_221][error_sighandler] Caught error: Bus error (signal 7)
[fj038:mpi_rank_654][error_sighandler] Caught error: Bus error (signal 7)
[fj049:mpi_rank_810][error_sighandler] Caught error: Bus error (signal 7)
[fj039:mpi_rank_705][error_sighandler] Caught error: Bus error (signal 7)

===================================================================================
=   BAD TERMINATION OF ONE OF YOUR APPLICATION PROCESSES
=   PID 36316 RUNNING AT fj132
=   EXIT CODE: 135
=   CLEANING UP REMAINING PROCESSES
=   YOU CAN IGNORE THE BELOW CLEANUP MESSAGES
===================================================================================
[proxy:0:0@fj017] HYD_pmcd_pmip_control_cmd_cb (pm/pmiserv/pmip_cb.c:911): assert (!closed) failed
[proxy:0:0@fj017] HYDT_dmxu_poll_wait_for_event (tools/demux/demux_poll.c:76): callback returned error status
[proxy:0:0@fj017] main (pm/pmiserv/pmip.c:202): demux engine error waiting for event
[proxy:0:2@fj019] HYD_pmcd_pmip_control_cmd_cb (pm/pmiserv/pmip_cb.c:911): assert (!closed) failed
[proxy:0:2@fj019] HYDT_dmxu_poll_wait_for_event (tools/demux/demux_poll.c:76): callback returned error status
[proxy:0:2@fj019] main (pm/pmiserv/pmip.c:202): demux engine error waiting for event
[proxy:0:10@fj035] HYD_pmcd_pmip_control_cmd_cb (pm/pmiserv/pmip_cb.c:911): assert (!closed) failed
[proxy:0:10@fj035] HYDT_dmxu_poll_wait_for_event (tools/demux/demux_poll.c:76): callback returned error status
[proxy:0:10@fj035] main (pm/pmiserv/pmip.c:202): demux engine error waiting for event
[proxy:0:6@fj023] HYD_pmcd_pmip_control_cmd_cb (pm/pmiserv/pmip_cb.c:911): assert (!closed) failed
[proxy:0:6@fj023] HYDT_dmxu_poll_wait_for_event (tools/demux/demux_poll.c:76): callback returned error status
[proxy:0:6@fj023] main (pm/pmiserv/pmip.c:202): demux engine error waiting for event
[proxy:0:5@fj022] HYD_pmcd_pmip_control_cmd_cb (pm/pmiserv/pmip_cb.c:911): assert (!closed) failed
[proxy:0:5@fj022] HYDT_dmxu_poll_wait_for_event (tools/demux/demux_poll.c:76): callback returned error status
[proxy:0:5@fj022] main (pm/pmiserv/pmip.c:202): demux engine error waiting for event
[proxy:0:8@fj033] HYD_pmcd_pmip_control_cmd_cb (pm/pmiserv/pmip_cb.c:911): assert (!closed) failed
[proxy:0:8@fj033] HYDT_dmxu_poll_wait_for_event (tools/demux/demux_poll.c:76): callback returned error status
[proxy:0:8@fj033] main (pm/pmiserv/pmip.c:202): demux engine error waiting for event
[proxy:0:9@fj034] HYD_pmcd_pmip_control_cmd_cb (pm/pmiserv/pmip_cb.c:911): assert (!closed) failed
[proxy:0:9@fj034] HYDT_dmxu_poll_wait_for_event (tools/demux/demux_poll.c:76): callback returned error status
[proxy:0:9@fj034] main (pm/pmiserv/pmip.c:202): demux engine error waiting for event
[proxy:0:12@fj037] HYD_pmcd_pmip_control_cmd_cb (pm/pmiserv/pmip_cb.c:911): assert (!closed) failed
[proxy:0:12@fj037] HYDT_dmxu_poll_wait_for_event (tools/demux/demux_poll.c:76): callback returned error status
[proxy:0:12@fj037] main (pm/pmiserv/pmip.c:202): demux engine error waiting for event
[proxy:0:14@fj039] HYD_pmcd_pmip_control_cmd_cb (pm/pmiserv/pmip_cb.c:911): assert (!closed) failed
[proxy:0:14@fj039] HYDT_dmxu_poll_wait_for_event (tools/demux/demux_poll.c:76): callback returned error status
[proxy:0:14@fj039] main (pm/pmiserv/pmip.c:202): demux engine error waiting for event
[proxy:0:1@fj018] HYD_pmcd_pmip_control_cmd_cb (pm/pmiserv/pmip_cb.c:911): assert (!closed) failed
[proxy:0:1@fj018] HYDT_dmxu_poll_wait_for_event (tools/demux/demux_poll.c:76): callback returned error status
[proxy:0:1@fj018] main (pm/pmiserv/pmip.c:202): demux engine error waiting for event
[proxy:0:13@fj038] HYD_pmcd_pmip_control_cmd_cb (pm/pmiserv/pmip_cb.c:911): assert (!closed) failed
[proxy:0:13@fj038] HYDT_dmxu_poll_wait_for_event (tools/demux/demux_poll.c:76): callback returned error status
[proxy:0:13@fj038] main (pm/pmiserv/pmip.c:202): demux engine error waiting for event
[proxy:0:16@fj049] HYD_pmcd_pmip_control_cmd_cb (pm/pmiserv/pmip_cb.c:911): assert (!closed) failed
[proxy:0:16@fj049] HYDT_dmxu_poll_wait_for_event (tools/demux/demux_poll.c:76): callback returned error status
[proxy:0:16@fj049] main (pm/pmiserv/pmip.c:202): demux engine error waiting for event
[proxy:0:18@fj051] HYD_pmcd_pmip_control_cmd_cb (pm/pmiserv/pmip_cb.c:911): assert (!closed) failed
[proxy:0:18@fj051] HYDT_dmxu_poll_wait_for_event (tools/demux/demux_poll.c:76): callback returned error status
[proxy:0:18@fj051] main (pm/pmiserv/pmip.c:202): demux engine error waiting for event
[proxy:0:24@fj081] HYD_pmcd_pmip_control_cmd_cb (pm/pmiserv/pmip_cb.c:911): assert (!closed) failed
[proxy:0:24@fj081] HYDT_dmxu_poll_wait_for_event (tools/demux/demux_poll.c:76): callback returned error status
[proxy:0:24@fj081] main (pm/pmiserv/pmip.c:202): demux engine error waiting for event
[proxy:0:19@fj052] HYD_pmcd_pmip_control_cmd_cb (pm/pmiserv/pmip_cb.c:911): assert (!closed) failed
[proxy:0:19@fj052] HYDT_dmxu_poll_wait_for_event (tools/demux/demux_poll.c:76): callback returned error status
[proxy:0:19@fj052] main (pm/pmiserv/pmip.c:202): demux engine error waiting for event
[proxy:0:27@fj084] HYD_pmcd_pmip_control_cmd_cb (pm/pmiserv/pmip_cb.c:911): assert (!closed) failed
[proxy:0:27@fj084] HYDT_dmxu_poll_wait_for_event (tools/demux/demux_poll.c:76): callback returned error status
[proxy:0:27@fj084] main (pm/pmiserv/pmip.c:202): demux engine error waiting for event
[proxy:0:26@fj083] HYD_pmcd_pmip_control_cmd_cb (pm/pmiserv/pmip_cb.c:911): assert (!closed) failed
[proxy:0:26@fj083] HYDT_dmxu_poll_wait_for_event (tools/demux/demux_poll.c:76): callback returned error status
[proxy:0:26@fj083] main (pm/pmiserv/pmip.c:202): demux engine error waiting for event
[proxy:0:7@fj024] HYD_pmcd_pmip_control_cmd_cb (pm/pmiserv/pmip_cb.c:911): assert (!closed) failed
[proxy:0:7@fj024] HYDT_dmxu_poll_wait_for_event (tools/demux/demux_poll.c:76): callback returned error status
[proxy:0:7@fj024] main (pm/pmiserv/pmip.c:202): demux engine error waiting for event
[proxy:0:3@fj020] HYD_pmcd_pmip_control_cmd_cb (pm/pmiserv/pmip_cb.c:911): assert (!closed) failed
[proxy:0:3@fj020] HYDT_dmxu_poll_wait_for_event (tools/demux/demux_poll.c:76): callback returned error status
[proxy:0:3@fj020] main (pm/pmiserv/pmip.c:202): demux engine error waiting for event
[proxy:0:23@fj056] HYD_pmcd_pmip_control_cmd_cb (pm/pmiserv/pmip_cb.c:911): assert (!closed) failed
[proxy:0:23@fj056] HYDT_dmxu_poll_wait_for_event (tools/demux/demux_poll.c:76): callback returned error status
[proxy:0:23@fj056] main (pm/pmiserv/pmip.c:202): demux engine error waiting for event
[proxy:0:11@fj036] HYD_pmcd_pmip_control_cmd_cb (pm/pmiserv/pmip_cb.c:911): assert (!closed) failed
[proxy:0:11@fj036] HYDT_dmxu_poll_wait_for_event (tools/demux/demux_poll.c:76): callback returned error status
[proxy:0:11@fj036] main (pm/pmiserv/pmip.c:202): demux engine error waiting for event
[proxy:0:28@fj085] HYD_pmcd_pmip_control_cmd_cb (pm/pmiserv/pmip_cb.c:911): assert (!closed) failed
[proxy:0:28@fj085] HYDT_dmxu_poll_wait_for_event (tools/demux/demux_poll.c:76): callback returned error status
[proxy:0:28@fj085] main (pm/pmiserv/pmip.c:202): demux engine error waiting for event
[proxy:0:30@fj097] HYD_pmcd_pmip_control_cmd_cb (pm/pmiserv/pmip_cb.c:911): assert (!closed) failed
[proxy:0:30@fj097] HYDT_dmxu_poll_wait_for_event (tools/demux/demux_poll.c:76): callback returned error status
[proxy:0:30@fj097] main (pm/pmiserv/pmip.c:202): demux engine error waiting for event
[proxy:0:22@fj055] HYD_pmcd_pmip_control_cmd_cb (pm/pmiserv/pmip_cb.c:911): assert (!closed) failed
[proxy:0:22@fj055] HYDT_dmxu_poll_wait_for_event (tools/demux/demux_poll.c:76): callback returned error status
[proxy:0:22@fj055] main (pm/pmiserv/pmip.c:202): demux engine error waiting for event
[proxy:0:20@fj053] HYD_pmcd_pmip_control_cmd_cb (pm/pmiserv/pmip_cb.c:911): assert (!closed) failed
[proxy:0:20@fj053] HYDT_dmxu_poll_wait_for_event (tools/demux/demux_poll.c:76): callback returned error status
[proxy:0:20@fj053] main (pm/pmiserv/pmip.c:202): demux engine error waiting for event
[proxy:0:31@fj098] HYD_pmcd_pmip_control_cmd_cb (pm/pmiserv/pmip_cb.c:911): assert (!closed) failed
[proxy:0:31@fj098] HYDT_dmxu_poll_wait_for_event (tools/demux/demux_poll.c:76): callback returned error status
[proxy:0:31@fj098] main (pm/pmiserv/pmip.c:202): demux engine error waiting for event
[proxy:0:17@fj050] HYD_pmcd_pmip_control_cmd_cb (pm/pmiserv/pmip_cb.c:911): assert (!closed) failed
[proxy:0:17@fj050] HYDT_dmxu_poll_wait_for_event (tools/demux/demux_poll.c:76): callback returned error status
[proxy:0:17@fj050] main (pm/pmiserv/pmip.c:202): demux engine error waiting for event
[proxy:0:25@fj082] HYD_pmcd_pmip_control_cmd_cb (pm/pmiserv/pmip_cb.c:911): assert (!closed) failed
[proxy:0:25@fj082] HYDT_dmxu_poll_wait_for_event (tools/demux/demux_poll.c:76): callback returned error status
[proxy:0:25@fj082] main (pm/pmiserv/pmip.c:202): demux engine error waiting for event
[proxy:0:34@fj101] HYD_pmcd_pmip_control_cmd_cb (pm/pmiserv/pmip_cb.c:911): assert (!closed) failed
[proxy:0:34@fj101] HYDT_dmxu_poll_wait_for_event (tools/demux/demux_poll.c:76): callback returned error status
[proxy:0:34@fj101] main (pm/pmiserv/pmip.c:202): demux engine error waiting for event
[proxy:0:40@fj107] HYD_pmcd_pmip_control_cmd_cb (pm/pmiserv/pmip_cb.c:911): assert (!closed) failed
[proxy:0:40@fj107] HYDT_dmxu_poll_wait_for_event (tools/demux/demux_poll.c:76): callback returned error status
[proxy:0:40@fj107] main (pm/pmiserv/pmip.c:202): demux engine error waiting for event
[proxy:0:36@fj103] HYD_pmcd_pmip_control_cmd_cb (pm/pmiserv/pmip_cb.c:911): assert (!closed) failed
[proxy:0:36@fj103] HYDT_dmxu_poll_wait_for_event (tools/demux/demux_poll.c:76): callback returned error status
[proxy:0:36@fj103] main (pm/pmiserv/pmip.c:202): demux engine error waiting for event
[proxy:0:38@fj105] HYD_pmcd_pmip_control_cmd_cb (pm/pmiserv/pmip_cb.c:911): assert (!closed) failed
[proxy:0:38@fj105] HYDT_dmxu_poll_wait_for_event (tools/demux/demux_poll.c:76): callback returned error status
[proxy:0:38@fj105] main (pm/pmiserv/pmip.c:202): demux engine error waiting for event
[proxy:0:41@fj108] HYD_pmcd_pmip_control_cmd_cb (pm/pmiserv/pmip_cb.c:911): assert (!closed) failed
[proxy:0:41@fj108] HYDT_dmxu_poll_wait_for_event (tools/demux/demux_poll.c:76): callback returned error status
[proxy:0:41@fj108] main (pm/pmiserv/pmip.c:202): demux engine error waiting for event
[proxy:0:29@fj086] HYD_pmcd_pmip_control_cmd_cb (pm/pmiserv/pmip_cb.c:911): assert (!closed) failed
[proxy:0:29@fj086] HYDT_dmxu_poll_wait_for_event (tools/demux/demux_poll.c:76): callback returned error status
[proxy:0:29@fj086] main (pm/pmiserv/pmip.c:202): demux engine error waiting for event
[proxy:0:35@fj102] HYD_pmcd_pmip_control_cmd_cb (pm/pmiserv/pmip_cb.c:911): assert (!closed) failed
[proxy:0:35@fj102] HYDT_dmxu_poll_wait_for_event (tools/demux/demux_poll.c:76): callback returned error status
[proxy:0:35@fj102] main (pm/pmiserv/pmip.c:202): demux engine error waiting for event
[proxy:0:21@fj054] HYD_pmcd_pmip_control_cmd_cb (pm/pmiserv/pmip_cb.c:911): assert (!closed) failed
[proxy:0:21@fj054] HYDT_dmxu_poll_wait_for_event (tools/demux/demux_poll.c:76): callback returned error status
[proxy:0:21@fj054] main (pm/pmiserv/pmip.c:202): demux engine error waiting for event
[proxy:0:33@fj100] HYD_pmcd_pmip_control_cmd_cb (pm/pmiserv/pmip_cb.c:911): assert (!closed) failed
[proxy:0:33@fj100] HYDT_dmxu_poll_wait_for_event (tools/demux/demux_poll.c:76): callback returned error status
[proxy:0:33@fj100] main (pm/pmiserv/pmip.c:202): demux engine error waiting for event
[proxy:0:39@fj106] HYD_pmcd_pmip_control_cmd_cb (pm/pmiserv/pmip_cb.c:911): assert (!closed) failed
[proxy:0:39@fj106] HYDT_dmxu_poll_wait_for_event (tools/demux/demux_poll.c:76): callback returned error status
[proxy:0:39@fj106] main (pm/pmiserv/pmip.c:202): demux engine error waiting for event
[proxy:0:37@fj104] HYD_pmcd_pmip_control_cmd_cb (pm/pmiserv/pmip_cb.c:911): assert (!closed) failed
[proxy:0:37@fj104] HYDT_dmxu_poll_wait_for_event (tools/demux/demux_poll.c:76): callback returned error status
[proxy:0:37@fj104] main (pm/pmiserv/pmip.c:202): demux engine error waiting for event
[proxy:0:32@fj099] HYD_pmcd_pmip_control_cmd_cb (pm/pmiserv/pmip_cb.c:911): assert (!closed) failed
[proxy:0:32@fj099] HYDT_dmxu_poll_wait_for_event (tools/demux/demux_poll.c:76): callback returned error status
[proxy:0:32@fj099] main (pm/pmiserv/pmip.c:202): demux engine error waiting for event
[proxy:0:42@fj109] HYD_pmcd_pmip_control_cmd_cb (pm/pmiserv/pmip_cb.c:911): assert (!closed) failed
[proxy:0:42@fj109] HYDT_dmxu_poll_wait_for_event (tools/demux/demux_poll.c:76): callback returned error status
[proxy:0:42@fj109] main (pm/pmiserv/pmip.c:202): demux engine error waiting for event
[proxy:0:44@fj111] HYD_pmcd_pmip_control_cmd_cb (pm/pmiserv/pmip_cb.c:911): assert (!closed) failed
[proxy:0:44@fj111] HYDT_dmxu_poll_wait_for_event (tools/demux/demux_poll.c:76): callback returned error status
[proxy:0:44@fj111] main (pm/pmiserv/pmip.c:202): demux engine error waiting for event
[proxy:0:46@fj125] HYD_pmcd_pmip_control_cmd_cb (pm/pmiserv/pmip_cb.c:911): assert (!closed) failed
[proxy:0:46@fj125] HYDT_dmxu_poll_wait_for_event (tools/demux/demux_poll.c:76): callback returned error status
[proxy:0:46@fj125] main (pm/pmiserv/pmip.c:202): demux engine error waiting for event
[proxy:0:43@fj110] HYD_pmcd_pmip_control_cmd_cb (pm/pmiserv/pmip_cb.c:911): assert (!closed) failed
[proxy:0:43@fj110] HYDT_dmxu_poll_wait_for_event (tools/demux/demux_poll.c:76): callback returned error status
[proxy:0:43@fj110] main (pm/pmiserv/pmip.c:202): demux engine error waiting for event
[proxy:0:45@fj112] HYD_pmcd_pmip_control_cmd_cb (pm/pmiserv/pmip_cb.c:911): assert (!closed) failed
[proxy:0:45@fj112] HYDT_dmxu_poll_wait_for_event (tools/demux/demux_poll.c:76): callback returned error status
[proxy:0:45@fj112] main (pm/pmiserv/pmip.c:202): demux engine error waiting for event
[proxy:0:50@fj129] HYD_pmcd_pmip_control_cmd_cb (pm/pmiserv/pmip_cb.c:911): assert (!closed) failed
[proxy:0:50@fj129] HYDT_dmxu_poll_wait_for_event (tools/demux/demux_poll.c:76): callback returned error status
[proxy:0:50@fj129] main (pm/pmiserv/pmip.c:202): demux engine error waiting for event
[proxy:0:48@fj127] HYD_pmcd_pmip_control_cmd_cb (pm/pmiserv/pmip_cb.c:911): assert (!closed) failed
[proxy:0:48@fj127] HYDT_dmxu_poll_wait_for_event (tools/demux/demux_poll.c:76): callback returned error status
[proxy:0:48@fj127] main (pm/pmiserv/pmip.c:202): demux engine error waiting for event
[proxy:0:49@fj128] HYD_pmcd_pmip_control_cmd_cb (pm/pmiserv/pmip_cb.c:911): assert (!closed) failed
[proxy:0:49@fj128] HYDT_dmxu_poll_wait_for_event (tools/demux/demux_poll.c:76): callback returned error status
[proxy:0:49@fj128] main (pm/pmiserv/pmip.c:202): demux engine error waiting for event
[proxy:0:52@fj131] HYD_pmcd_pmip_control_cmd_cb (pm/pmiserv/pmip_cb.c:911): assert (!closed) failed
[proxy:0:52@fj131] HYDT_dmxu_poll_wait_for_event (tools/demux/demux_poll.c:76): callback returned error status
[proxy:0:52@fj131] main (pm/pmiserv/pmip.c:202): demux engine error waiting for event
[proxy:0:54@fj133] HYD_pmcd_pmip_control_cmd_cb (pm/pmiserv/pmip_cb.c:911): assert (!closed) failed
[proxy:0:54@fj133] HYDT_dmxu_poll_wait_for_event (tools/demux/demux_poll.c:76): callback returned error status
[proxy:0:54@fj133] main (pm/pmiserv/pmip.c:202): demux engine error waiting for event
[proxy:0:51@fj130] HYD_pmcd_pmip_control_cmd_cb (pm/pmiserv/pmip_cb.c:911): assert (!closed) failed
[proxy:0:51@fj130] HYDT_dmxu_poll_wait_for_event (tools/demux/demux_poll.c:76): callback returned error status
[proxy:0:51@fj130] main (pm/pmiserv/pmip.c:202): demux engine error waiting for event
[proxy:0:60@fj139] HYD_pmcd_pmip_control_cmd_cb (pm/pmiserv/pmip_cb.c:911): assert (!closed) failed
[proxy:0:60@fj139] HYDT_dmxu_poll_wait_for_event (tools/demux/demux_poll.c:76): callback returned error status
[proxy:0:60@fj139] main (pm/pmiserv/pmip.c:202): demux engine error waiting for event
[proxy:0:62@fj141] HYD_pmcd_pmip_control_cmd_cb (pm/pmiserv/pmip_cb.c:911): assert (!closed) failed
[proxy:0:62@fj141] HYDT_dmxu_poll_wait_for_event (tools/demux/demux_poll.c:76): callback returned error status
[proxy:0:62@fj141] main (pm/pmiserv/pmip.c:202): demux engine error waiting for event
[proxy:0:58@fj137] HYD_pmcd_pmip_control_cmd_cb (pm/pmiserv/pmip_cb.c:911): assert (!closed) failed
[proxy:0:58@fj137] HYDT_dmxu_poll_wait_for_event (tools/demux/demux_poll.c:76): callback returned error status
[proxy:0:58@fj137] main (pm/pmiserv/pmip.c:202): demux engine error waiting for event
[proxy:0:57@fj136] HYD_pmcd_pmip_control_cmd_cb (pm/pmiserv/pmip_cb.c:911): assert (!closed) failed
[proxy:0:57@fj136] HYDT_dmxu_poll_wait_for_event (tools/demux/demux_poll.c:76): callback returned error status
[proxy:0:57@fj136] main (pm/pmiserv/pmip.c:202): demux engine error waiting for event
[proxy:0:61@fj140] HYD_pmcd_pmip_control_cmd_cb (pm/pmiserv/pmip_cb.c:911): assert (!closed) failed
[proxy:0:61@fj140] HYDT_dmxu_poll_wait_for_event (tools/demux/demux_poll.c:76): callback returned error status
[proxy:0:61@fj140] main (pm/pmiserv/pmip.c:202): demux engine error waiting for event
[proxy:0:63@fj142] HYD_pmcd_pmip_control_cmd_cb (pm/pmiserv/pmip_cb.c:911): assert (!closed) failed
[proxy:0:63@fj142] HYDT_dmxu_poll_wait_for_event (tools/demux/demux_poll.c:76): callback returned error status
[proxy:0:63@fj142] main (pm/pmiserv/pmip.c:202): demux engine error waiting for event
[proxy:0:55@fj134] HYD_pmcd_pmip_control_cmd_cb (pm/pmiserv/pmip_cb.c:911): assert (!closed) failed
[proxy:0:55@fj134] HYDT_dmxu_poll_wait_for_event (tools/demux/demux_poll.c:76): callback returned error status
[proxy:0:55@fj134] main (pm/pmiserv/pmip.c:252): demux engine error waiting for event
[proxy:0:47@fj126] HYD_pmcd_pmip_control_cmd_cb (pm/pmiserv/pmip_cb.c:911): assert (!closed) failed
[proxy:0:47@fj126] HYDT_dmxu_poll_wait_for_event (tools/demux/demux_poll.c:76): callback returned error status
[proxy:0:47@fj126] main (pm/pmiserv/pmip.c:202): demux engine error waiting for event
[proxy:0:56@fj135] HYD_pmcd_pmip_control_cmd_cb (pm/pmiserv/pmip_cb.c:911): assert (!closed) failed
[proxy:0:56@fj135] HYDT_dmxu_poll_wait_for_event (tools/demux/demux_poll.c:76): callback returned error status
[proxy:0:56@fj135] main (pm/pmiserv/pmip.c:202): demux engine error waiting for event
[proxy:0:59@fj138] HYD_pmcd_pmip_control_cmd_cb (pm/pmiserv/pmip_cb.c:911): assert (!closed) failed
[proxy:0:59@fj138] HYDT_dmxu_poll_wait_for_event (tools/demux/demux_poll.c:76): callback returned error status
[proxy:0:59@fj138] main (pm/pmiserv/pmip.c:252): demux engine error waiting for event
[proxy:0:4@fj021] HYD_pmcd_pmip_control_cmd_cb (pm/pmiserv/pmip_cb.c:911): assert (!closed) failed
[proxy:0:4@fj021] HYDT_dmxu_poll_wait_for_event (tools/demux/demux_poll.c:76): callback returned error status
[proxy:0:4@fj021] main (pm/pmiserv/pmip.c:252): demux engine error waiting for event
[proxy:0:15@fj040] HYD_pmcd_pmip_control_cmd_cb (pm/pmiserv/pmip_cb.c:911): assert (!closed) failed
[proxy:0:15@fj040] HYDT_dmxu_poll_wait_for_event (tools/demux/demux_poll.c:76): callback returned error status
[proxy:0:15@fj040] main (pm/pmiserv/pmip.c:202): demux engine error waiting for event
srun: error: fj022: task 5: Exited with exit code 7
srun: error: fj023: task 6: Exited with exit code 7
srun: error: fj086: task 29: Exited with exit code 7
srun: error: fj055: task 22: Exited with exit code 7
srun: error: fj102: task 35: Exited with exit code 7
srun: error: fj141: task 62: Exited with exit code 7
srun: error: fj100: task 33: Exited with exit code 7
srun: error: fj083: task 26: Exited with exit code 7
srun: error: fj056: task 23: Exited with exit code 7
srun: error: fj109: task 42: Exited with exit code 7
srun: error: fj130: task 51: Exited with exit code 7
srun: error: fj111: task 44: Exited with exit code 7
srun: error: fj128: task 49: Exited with exit code 7
srun: error: fj139: task 60: Exited with exit code 7
srun: error: fj106: task 39: Exited with exit code 7
srun: error: fj105: task 38: Exited with exit code 7
srun: error: fj054: task 21: Exited with exit code 7
srun: error: fj133: task 54: Exited with exit code 7
srun: error: fj104: task 37: Exited with exit code 7
srun: error: fj053: task 20: Exited with exit code 7
srun: error: fj098: task 31: Exited with exit code 7
srun: error: fj051: task 18: Exited with exit code 7
srun: error: fj024: task 7: Exited with exit code 7
srun: error: fj019: task 2: Exited with exit code 7
srun: error: fj020: task 3: Exited with exit code 7
srun: error: fj035: task 10: Exited with exit code 7
srun: error: fj140: task 61: Exited with exit code 7
srun: error: fj107: task 40: Exited with exit code 7
srun: error: fj136: task 57: Exited with exit code 7
srun: error: fj085: task 28: Exited with exit code 7
srun: error: fj036: task 11: Exited with exit code 7
srun: error: fj129: task 50: Exited with exit code 7
srun: error: fj018: task 1: Exited with exit code 7
srun: error: fj017: task 0: Exited with exit code 7
srun: error: fj052: task 19: Exited with exit code 7
srun: error: fj034: task 9: Exited with exit code 7
srun: error: fj142: task 63: Exited with exit code 7
srun: error: fj082: task 25: Exited with exit code 7
srun: error: fj099: task 32: Exited with exit code 7
srun: error: fj050: task 17: Exited with exit code 7
srun: error: fj138: task 59: Exited with exit code 7
srun: error: fj097: task 30: Exited with exit code 7
srun: error: fj101: task 34: Exited with exit code 7
srun: error: fj103: task 36: Exited with exit code 7
srun: error: fj033: task 8: Exited with exit code 7
srun: error: fj125: task 46: Exited with exit code 7
srun: error: fj084: task 27: Exited with exit code 7
srun: error: fj039: task 14: Exited with exit code 7
srun: error: fj038: task 13: Exited with exit code 7
srun: error: fj134: task 55: Exited with exit code 7
srun: error: fj137: task 58: Exited with exit code 7
srun: error: fj037: task 12: Exited with exit code 7
srun: error: fj108: task 41: Exited with exit code 7
srun: error: fj126: task 47: Exited with exit code 7
srun: error: fj131: task 52: Exited with exit code 7
srun: error: fj110: task 43: Exited with exit code 7
srun: error: fj112: task 45: Exited with exit code 7
srun: error: fj081: task 24: Exited with exit code 7
srun: error: fj135: task 56: Exited with exit code 7
srun: error: fj049: task 16: Exited with exit code 7
srun: error: fj127: task 48: Exited with exit code 7
srun: error: fj021: task 4: Exited with exit code 7
srun: error: fj040: task 15: Exited with exit code 7
YOUR APPLICATION TERMINATED WITH THE EXIT STRING: Bus error (signal 7)
This typically refers to a problem with your application.
Please see the FAQ page for debugging suggestions
