Loading arm/arm-linux-compiler/armpl/20.3.0
  Loading requirement: arm/gcc/9.3.0 arm/arm-linux-compiler/20.3
loaded modules:
Currently Loaded Modulefiles:
 1) slurm/slurm/19.05.7   4) arm/gcc/9.3.0                        
 2) gcc/10.2.0            5) arm/arm-linux-compiler/20.3          
 3) mvapich2/2.3.4        6) arm/arm-linux-compiler/armpl/20.3.0  
Running script on host: fj131
Working directory: /lustre/projects/Buffalo/appker/benchmarks/hpcc/2020-11-30/gcc_armpl_mvapich/run2/N_8/9
SLURM_NTASKS: 384
Hostnames to use: fj[131,158-164]
fj131:48
fj158:48
fj159:48
fj160:48
fj161:48
fj162:48
fj163:48
fj164:48
which mpirun: /lustre/projects/global/software/a64fx/mvapich2/2.3.4/bin/mpirun
which app: /lustre/projects/Buffalo/appker/execs/hpcc/hpcc/hpcc_gcc_armpl_mvapich
[fj131:mpi_rank_0][rdma_open_hca] [Warning] Setting the  multirail policy to MV2_MRAIL_SHARING since RDMA_CM based multicast  is enabled.

===================================================================================
=   BAD TERMINATION OF ONE OF YOUR APPLICATION PROCESSES
=   PID 18000 RUNNING AT fj160
=   EXIT CODE: 9
=   CLEANING UP REMAINING PROCESSES
=   YOU CAN IGNORE THE BELOW CLEANUP MESSAGES
===================================================================================
[proxy:0:0@fj131] HYD_pmcd_pmip_control_cmd_cb (pm/pmiserv/pmip_cb.c:911): assert (!closed) failed
[proxy:0:0@fj131] HYDT_dmxu_poll_wait_for_event (tools/demux/demux_poll.c:76): callback returned error status
[proxy:0:0@fj131] main (pm/pmiserv/pmip.c:202): demux engine error waiting for event
[proxy:0:2@fj159] HYD_pmcd_pmip_control_cmd_cb (pm/pmiserv/pmip_cb.c:911): assert (!closed) failed
[proxy:0:2@fj159] HYDT_dmxu_poll_wait_for_event (tools/demux/demux_poll.c:76): callback returned error status
[proxy:0:2@fj159] main (pm/pmiserv/pmip.c:202): demux engine error waiting for event
[proxy:0:5@fj162] HYD_pmcd_pmip_control_cmd_cb (pm/pmiserv/pmip_cb.c:911): assert (!closed) failed
[proxy:0:5@fj162] HYDT_dmxu_poll_wait_for_event (tools/demux/demux_poll.c:76): callback returned error status
[proxy:0:5@fj162] main (pm/pmiserv/pmip.c:202): demux engine error waiting for event
[proxy:0:7@fj164] HYD_pmcd_pmip_control_cmd_cb (pm/pmiserv/pmip_cb.c:911): assert (!closed) failed
[proxy:0:7@fj164] HYDT_dmxu_poll_wait_for_event (tools/demux/demux_poll.c:76): callback returned error status
[proxy:0:7@fj164] main (pm/pmiserv/pmip.c:202): demux engine error waiting for event
[proxy:0:6@fj163] HYD_pmcd_pmip_control_cmd_cb (pm/pmiserv/pmip_cb.c:911): assert (!closed) failed
[proxy:0:6@fj163] HYDT_dmxu_poll_wait_for_event (tools/demux/demux_poll.c:76): callback returned error status
[proxy:0:6@fj163] main (pm/pmiserv/pmip.c:202): demux engine error waiting for event
[proxy:0:1@fj158] HYD_pmcd_pmip_control_cmd_cb (pm/pmiserv/pmip_cb.c:911): assert (!closed) failed
[proxy:0:1@fj158] HYDT_dmxu_poll_wait_for_event (tools/demux/demux_poll.c:76): callback returned error status
[proxy:0:1@fj158] main (pm/pmiserv/pmip.c:202): demux engine error waiting for event
[proxy:0:4@fj161] HYD_pmcd_pmip_control_cmd_cb (pm/pmiserv/pmip_cb.c:911): assert (!closed) failed
[proxy:0:4@fj161] HYDT_dmxu_poll_wait_for_event (tools/demux/demux_poll.c:76): callback returned error status
[proxy:0:4@fj161] main (pm/pmiserv/pmip.c:202): demux engine error waiting for event
srun: error: fj159: task 2: Exited with exit code 7
srun: error: fj162: task 5: Exited with exit code 7
srun: error: fj164: task 7: Exited with exit code 7
srun: error: fj131: task 0: Exited with exit code 7
srun: error: fj158: task 1: Exited with exit code 7
srun: error: fj163: task 6: Exited with exit code 7
srun: error: fj161: task 4: Exited with exit code 7
YOUR APPLICATION TERMINATED WITH THE EXIT STRING: Killed (signal 9)
This typically refers to a problem with your application.
Please see the FAQ page for debugging suggestions
