Loading arm/arm-linux-compiler/armpl/20.3.0
  Loading requirement: arm/gcc/9.3.0 arm/arm-linux-compiler/20.3
loaded modules:
Currently Loaded Modulefiles:
 1) slurm/slurm/19.05.7   4) arm/gcc/9.3.0                        
 2) gcc/10.2.0            5) arm/arm-linux-compiler/20.3          
 3) mvapich2/2.3.4        6) arm/arm-linux-compiler/armpl/20.3.0  
Running script on host: fj089
Working directory: /lustre/projects/Buffalo/appker/benchmarks/hpcc/2020-11-30/gcc_armpl_mvapich/run2/N_8/3
SLURM_NTASKS: 384
Hostnames to use: fj[089-096]
fj089:48
fj090:48
fj091:48
fj092:48
fj093:48
fj094:48
fj095:48
fj096:48
which mpirun: /lustre/projects/global/software/a64fx/mvapich2/2.3.4/bin/mpirun
which app: /lustre/projects/Buffalo/appker/execs/hpcc/hpcc/hpcc_gcc_armpl_mvapich
[fj089:mpi_rank_0][rdma_open_hca] [Warning] Setting the  multirail policy to MV2_MRAIL_SHARING since RDMA_CM based multicast  is enabled.
mlx5: fj089: got completion with error:
00000000 00000000 00000000 00000000
00000000 00000000 00000000 00000000
0000008f 00000000 00000000 00000000
00000000 00008813 1002141b 11e046d3

===================================================================================
=   BAD TERMINATION OF ONE OF YOUR APPLICATION PROCESSES
=   PID 38506 RUNNING AT fj096
=   EXIT CODE: 9
=   CLEANING UP REMAINING PROCESSES
=   YOU CAN IGNORE THE BELOW CLEANUP MESSAGES
===================================================================================
[proxy:0:1@fj090] HYD_pmcd_pmip_control_cmd_cb (pm/pmiserv/pmip_cb.c:911): assert (!closed) failed
[proxy:0:1@fj090] HYDT_dmxu_poll_wait_for_event (tools/demux/demux_poll.c:76): callback returned error status
[proxy:0:1@fj090] main (pm/pmiserv/pmip.c:202): demux engine error waiting for event
[proxy:0:5@fj094] HYD_pmcd_pmip_control_cmd_cb (pm/pmiserv/pmip_cb.c:911): assert (!closed) failed
[proxy:0:5@fj094] HYDT_dmxu_poll_wait_for_event (tools/demux/demux_poll.c:76): callback returned error status
[proxy:0:5@fj094] main (pm/pmiserv/pmip.c:202): demux engine error waiting for event
[proxy:0:2@fj091] HYD_pmcd_pmip_control_cmd_cb (pm/pmiserv/pmip_cb.c:911): assert (!closed) failed
[proxy:0:2@fj091] HYDT_dmxu_poll_wait_for_event (tools/demux/demux_poll.c:76): callback returned error status
[proxy:0:2@fj091] main (pm/pmiserv/pmip.c:252): demux engine error waiting for event
[proxy:0:3@fj092] HYD_pmcd_pmip_control_cmd_cb (pm/pmiserv/pmip_cb.c:911): assert (!closed) failed
[proxy:0:3@fj092] HYDT_dmxu_poll_wait_for_event (tools/demux/demux_poll.c:76): callback returned error status
[proxy:0:3@fj092] main (pm/pmiserv/pmip.c:202): demux engine error waiting for event
[proxy:0:6@fj095] HYD_pmcd_pmip_control_cmd_cb (pm/pmiserv/pmip_cb.c:911): assert (!closed) failed
[proxy:0:6@fj095] HYDT_dmxu_poll_wait_for_event (tools/demux/demux_poll.c:76): callback returned error status
[proxy:0:6@fj095] main (pm/pmiserv/pmip.c:202): demux engine error waiting for event
[proxy:0:0@fj089] stdoe_cb (pm/pmiserv/pmip_cb.c:73): assert (!upstream_sock_closed) failed
[proxy:0:0@fj089] HYDT_dmxu_poll_wait_for_event (tools/demux/demux_poll.c:76): callback returned error status
[proxy:0:0@fj089] main (pm/pmiserv/pmip.c:202): demux engine error waiting for event
srun: error: fj092: task 3: Exited with exit code 7
srun: error: fj095: task 6: Exited with exit code 7
srun: error: fj091: task 2: Exited with exit code 7
srun: error: fj090: task 1: Exited with exit code 7
srun: error: fj094: task 5: Exited with exit code 7
srun: error: fj089: task 0: Exited with exit code 7
YOUR APPLICATION TERMINATED WITH THE EXIT STRING: Killed (signal 9)
This typically refers to a problem with your application.
Please see the FAQ page for debugging suggestions
