Loading hpcg/3.1_gcc_mvapich2
  Loading requirement: gcc/10.2.0 mvapich2/2.3.4
loaded modules:
Currently Loaded Modulefiles:
 1) slurm/19.05.7         3) gcc/10.2.0       5) hpcg/3.1_gcc_mvapich2  
 2) slurm/slurm/19.05.7   4) mvapich2/2.3.4  
Running script on host: fj017
Working directory: /lustre/projects/Buffalo/appker/benchmarks/hpcg/2020-11-27/gcc_mvapich2/run2/N_32/5
SLURM_NTASKS: 1536
Hostnames to use: fj[017-024,063-064,081-088,129-132,137-142,153-156]
fj017:48
fj018:48
fj019:48
fj020:48
fj021:48
fj022:48
fj023:48
fj024:48
fj063:48
fj064:48
fj081:48
fj082:48
fj083:48
fj084:48
fj085:48
fj086:48
fj087:48
fj088:48
fj129:48
fj130:48
fj131:48
fj132:48
fj137:48
fj138:48
fj139:48
fj140:48
fj141:48
fj142:48
fj153:48
fj154:48
fj155:48
fj156:48
which mpirun: /lustre/projects/global/software/a64fx/mvapich2/2.3.4/bin/mpirun
which app: /lustre/projects/Buffalo/appker/execs/hpcg/3.1/3.1_gcc_mvapich2/bin/xhpcg
[fj017:mpi_rank_0][rdma_open_hca] [Warning] Setting the  multirail policy to MV2_MRAIL_SHARING since RDMA_CM based multicast  is enabled.
