loaded modules:
Currently Loaded Modulefiles:
 1) slurm/slurm/19.05.7   3) mvapich2/2.3.4                     
 2) gcc/10.2.0            4) fftw/3.3.9-rdolbeau-armcl-mvapich  
Running script on host: fj077
Working directory: /lustre/projects/Buffalo/appker/benchmarks/hpcc/2020-11-30/gcc_openblas_fftwrd_mvapich/run2/N_8/7
SLURM_NTASKS: 384
Hostnames to use: fj[077-084]
fj077:48
fj078:48
fj079:48
fj080:48
fj081:48
fj082:48
fj083:48
fj084:48
which mpirun: /lustre/projects/global/software/a64fx/mvapich2/2.3.4/bin/mpirun
which app: /lustre/projects/Buffalo/appker/execs/hpcc/hpcc/hpcc_gcc_openblas_fftwrd_mvapich
[fj077:mpi_rank_0][rdma_open_hca] [Warning] Setting the  multirail policy to MV2_MRAIL_SHARING since RDMA_CM based multicast  is enabled.

===================================================================================
=   BAD TERMINATION OF ONE OF YOUR APPLICATION PROCESSES
=   PID 35370 RUNNING AT fj077
=   EXIT CODE: 9
=   CLEANING UP REMAINING PROCESSES
=   YOU CAN IGNORE THE BELOW CLEANUP MESSAGES
===================================================================================
[proxy:0:5@fj082] HYD_pmcd_pmip_control_cmd_cb (pm/pmiserv/pmip_cb.c:911): assert (!closed) failed
[proxy:0:5@fj082] HYDT_dmxu_poll_wait_for_event (tools/demux/demux_poll.c:76): callback returned error status
[proxy:0:5@fj082] main (pm/pmiserv/pmip.c:202): demux engine error waiting for event
[proxy:0:1@fj078] HYD_pmcd_pmip_control_cmd_cb (pm/pmiserv/pmip_cb.c:911): assert (!closed) failed
[proxy:0:1@fj078] HYDT_dmxu_poll_wait_for_event (tools/demux/demux_poll.c:76): callback returned error status
[proxy:0:1@fj078] main (pm/pmiserv/pmip.c:202): demux engine error waiting for event
[proxy:0:7@fj084] HYD_pmcd_pmip_control_cmd_cb (pm/pmiserv/pmip_cb.c:911): assert (!closed) failed
[proxy:0:7@fj084] HYDT_dmxu_poll_wait_for_event (tools/demux/demux_poll.c:76): callback returned error status
[proxy:0:7@fj084] main (pm/pmiserv/pmip.c:252): demux engine error waiting for event
[proxy:0:2@fj079] HYD_pmcd_pmip_control_cmd_cb (pm/pmiserv/pmip_cb.c:911): assert (!closed) failed
[proxy:0:2@fj079] HYDT_dmxu_poll_wait_for_event (tools/demux/demux_poll.c:76): callback returned error status
[proxy:0:2@fj079] main (pm/pmiserv/pmip.c:202): demux engine error waiting for event
[proxy:0:3@fj080] HYD_pmcd_pmip_control_cmd_cb (pm/pmiserv/pmip_cb.c:911): assert (!closed) failed
[proxy:0:3@fj080] HYDT_dmxu_poll_wait_for_event (tools/demux/demux_poll.c:76): callback returned error status
[proxy:0:3@fj080] main (pm/pmiserv/pmip.c:202): demux engine error waiting for event
[proxy:0:6@fj083] HYD_pmcd_pmip_control_cmd_cb (pm/pmiserv/pmip_cb.c:911): assert (!closed) failed
[proxy:0:6@fj083] HYDT_dmxu_poll_wait_for_event (tools/demux/demux_poll.c:76): callback returned error status
[proxy:0:6@fj083] main (pm/pmiserv/pmip.c:202): demux engine error waiting for event
[proxy:0:4@fj081] HYD_pmcd_pmip_control_cmd_cb (pm/pmiserv/pmip_cb.c:911): assert (!closed) failed
[proxy:0:4@fj081] HYDT_dmxu_poll_wait_for_event (tools/demux/demux_poll.c:76): callback returned error status
[proxy:0:4@fj081] main (pm/pmiserv/pmip.c:252): demux engine error waiting for event
srun: error: fj082: task 5: Exited with exit code 7
srun: error: fj078: task 1: Exited with exit code 7
srun: error: fj084: task 7: Exited with exit code 7
srun: error: fj081: task 4: Exited with exit code 7
srun: error: fj080: task 3: Exited with exit code 7
srun: error: fj079: task 2: Exited with exit code 7
srun: error: fj083: task 6: Exited with exit code 7
YOUR APPLICATION TERMINATED WITH THE EXIT STRING: Killed (signal 9)
This typically refers to a problem with your application.
Please see the FAQ page for debugging suggestions
