Unloading mvapich2/2.3.4
Unloading gcc/10.2.0
Unloading slurm/slurm/19.05.7
WARNING: Did not unuse /lustre/shared/modulefiles
WARNING: Did not unuse /cm/shared/modulefiles
WARNING: Did not unuse /cm/local/modulefiles
Loading cpe-cray
Loading cce-sve/10.0.1
Loading craype/2.7.0
Loading craype-arm-nsp1
Loading craype-network-infiniband
Loading cray-libsci/20.10.1.2
loaded modules:
Currently Loaded Modulefiles:
 1) cpe-cray                    6) cray-libsci/20.10.1.2(default)               
 2) cce-sve/10.0.1(default)     7) slurm/slurm/19.05.7                          
 3) craype/2.7.0(default)       8) cray-mvapich2_nogpu_svealpha/2.3.4(default)  
 4) craype-arm-nsp1             9) cray-fftw/3.3.8.8(default)                   
 5) craype-network-infiniband  
Running script on host: fj001
Working directory: /lustre/projects/Buffalo/appker/benchmarks/hpcc/2020-11-30/cray_libsci_fftwcray_mvapich/run2/N_4/3
SLURM_NTASKS: 192
Hostnames to use: fj[001-004]
fj001:48
fj002:48
fj003:48
fj004:48
which app: /lustre/projects/Buffalo/appker/execs/hpcc/hpcc/hpcc_cray_libsci_fftwcray_mvapich
