Loading hpcg/3.1_gcc_mvapich2
  Loading requirement: gcc/10.2.0 mvapich2/2.3.4
loaded modules:
Currently Loaded Modulefiles:
 1) slurm/19.05.7         3) gcc/10.2.0       5) hpcg/3.1_gcc_mvapich2  
 2) slurm/slurm/19.05.7   4) mvapich2/2.3.4  
Running script on host: fj001
Working directory: /lustre/projects/Buffalo/appker/benchmarks/hpcg/2020-11-27/gcc_mvapich2/run1/N_32/1
SLURM_NTASKS: 1536
Hostnames to use: fj[001-032]
fj001:48
fj002:48
fj003:48
fj004:48
fj005:48
fj006:48
fj007:48
fj008:48
fj009:48
fj010:48
fj011:48
fj012:48
fj013:48
fj014:48
fj015:48
fj016:48
fj017:48
fj018:48
fj019:48
fj020:48
fj021:48
fj022:48
fj023:48
fj024:48
fj025:48
fj026:48
fj027:48
fj028:48
fj029:48
fj030:48
fj031:48
fj032:48
which mpirun: /lustre/projects/global/software/a64fx/mvapich2/2.3.4/bin/mpirun
which app: /lustre/projects/Buffalo/appker/execs/hpcg/3.1/3.1_gcc_mvapich2/bin/xhpcg
[fj001:mpi_rank_0][rdma_open_hca] [Warning] Setting the  multirail policy to MV2_MRAIL_SHARING since RDMA_CM based multicast  is enabled.
