Unloading mvapich2/2.3.4
Unloading gcc/10.2.0
Unloading slurm/slurm/19.05.7
WARNING: Did not unuse /lustre/shared/modulefiles
WARNING: Did not unuse /cm/shared/modulefiles
WARNING: Did not unuse /cm/local/modulefiles
Loading cpe-cray
Loading cce-sve/10.0.1
Loading craype/2.7.0
Loading craype-arm-nsp1
Loading craype-network-infiniband
Loading cray-libsci/20.10.1.2
loaded modules:
Currently Loaded Modulefiles:
 1) cpe-cray                    6) cray-libsci/20.10.1.2(default)               
 2) cce-sve/10.0.1(default)     7) slurm/slurm/19.05.7                          
 3) craype/2.7.0(default)       8) cray-mvapich2_nogpu_svealpha/2.3.4(default)  
 4) craype-arm-nsp1             9) cray-fftw/3.3.8.8(default)                   
 5) craype-network-infiniband  
Running script on host: fj081
Working directory: /lustre/projects/Buffalo/appker/benchmarks/hpcc/2020-11-30/cray_libsci_fftwcray_mvapich/run2/N_8/7
SLURM_NTASKS: 384
Hostnames to use: fj[081-088]
fj081:48
fj082:48
fj083:48
fj084:48
fj085:48
fj086:48
fj087:48
fj088:48
which app: /lustre/projects/Buffalo/appker/execs/hpcc/hpcc/hpcc_cray_libsci_fftwcray_mvapich
[fj081:mpi_rank_0][rdma_open_hca] [Warning] Setting the  multirail policy to MV2_MRAIL_SHARING since RDMA_CM based multicast  is enabled.
