Loading hpcg/3.1_gcc_mvapich2
  Loading requirement: gcc/10.2.0 mvapich2/2.3.4
loaded modules:
Currently Loaded Modulefiles:
 1) slurm/19.05.7         3) gcc/10.2.0       5) hpcg/3.1_gcc_mvapich2  
 2) slurm/slurm/19.05.7   4) mvapich2/2.3.4  
Running script on host: fj041
Working directory: /lustre/projects/Buffalo/appker/benchmarks/hpcg/2020-11-27/gcc_mvapich2/run2/N_32/8
SLURM_NTASKS: 1536
Hostnames to use: fj[041-048,057-062,073-080,143-152]
fj041:48
fj042:48
fj043:48
fj044:48
fj045:48
fj046:48
fj047:48
fj048:48
fj057:48
fj058:48
fj059:48
fj060:48
fj061:48
fj062:48
fj073:48
fj074:48
fj075:48
fj076:48
fj077:48
fj078:48
fj079:48
fj080:48
fj143:48
fj144:48
fj145:48
fj146:48
fj147:48
fj148:48
fj149:48
fj150:48
fj151:48
fj152:48
which mpirun: /lustre/projects/global/software/a64fx/mvapich2/2.3.4/bin/mpirun
which app: /lustre/projects/Buffalo/appker/execs/hpcg/3.1/3.1_gcc_mvapich2/bin/xhpcg
[fj041:mpi_rank_0][rdma_open_hca] [Warning] Setting the  multirail policy to MV2_MRAIL_SHARING since RDMA_CM based multicast  is enabled.
