Loading hpcg/3.1_gcc_mvapich2
  Loading requirement: gcc/10.2.0 mvapich2/2.3.4
loaded modules:
Currently Loaded Modulefiles:
 1) slurm/19.05.7         3) gcc/10.2.0       5) hpcg/3.1_gcc_mvapich2  
 2) slurm/slurm/19.05.7   4) mvapich2/2.3.4  
Running script on host: fj017
Working directory: /lustre/projects/Buffalo/appker/benchmarks/hpcg/2020-11-27/gcc_mvapich2/run2/N_64/8
SLURM_NTASKS: 3072
Hostnames to use: fj[017-040,049-050,125-142,153-172]
fj017:48
fj018:48
fj019:48
fj020:48
fj021:48
fj022:48
fj023:48
fj024:48
fj025:48
fj026:48
fj027:48
fj028:48
fj029:48
fj030:48
fj031:48
fj032:48
fj033:48
fj034:48
fj035:48
fj036:48
fj037:48
fj038:48
fj039:48
fj040:48
fj049:48
fj050:48
fj125:48
fj126:48
fj127:48
fj128:48
fj129:48
fj130:48
fj131:48
fj132:48
fj133:48
fj134:48
fj135:48
fj136:48
fj137:48
fj138:48
fj139:48
fj140:48
fj141:48
fj142:48
fj153:48
fj154:48
fj155:48
fj156:48
fj157:48
fj158:48
fj159:48
fj160:48
fj161:48
fj162:48
fj163:48
fj164:48
fj165:48
fj166:48
fj167:48
fj168:48
fj169:48
fj170:48
fj171:48
fj172:48
which mpirun: /lustre/projects/global/software/a64fx/mvapich2/2.3.4/bin/mpirun
which app: /lustre/projects/Buffalo/appker/execs/hpcg/3.1/3.1_gcc_mvapich2/bin/xhpcg
srun: Warning: can't honor --ntasks-per-node set to 48 which doesn't match the requested tasks 64 with the number of requested nodes 64. Ignoring --ntasks-per-node.
[fj017:mpi_rank_0][rdma_open_hca] [Warning] Setting the  multirail policy to MV2_MRAIL_SHARING since RDMA_CM based multicast  is enabled.
[fj134:mpi_rank_1698][error_sighandler] Caught error: Bus error (signal 7)
[fj037:mpi_rank_971][error_sighandler] Caught error: Bus error (signal 7)
[fj134:mpi_rank_1704][error_sighandler] Caught error: Bus error (signal 7)
[fj159:mpi_rank_2422][error_sighandler] Caught error: Bus error (signal 7)
[fj160:mpi_rank_2461][error_sighandler] Caught error: Bus error (signal 7)
[fj163:mpi_rank_2599][error_sighandler] Caught error: Bus error (signal 7)
[fj040:mpi_rank_1129][error_sighandler] Caught error: Bus error (signal 7)
[fj166:mpi_rank_2753][error_sighandler] Caught error: Bus error (signal 7)
[fj162:mpi_rank_2565][error_sighandler] Caught error: Bus error (signal 7)
[fj049:mpi_rank_1178][error_sighandler] Caught error: Bus error (signal 7)
[fj038:mpi_rank_1050][error_sighandler] Caught error: Bus error (signal 7)
[fj160:mpi_rank_2478][error_sighandler] Caught error: Bus error (signal 7)
[fj160:mpi_rank_2480][error_sighandler] Caught error: Bus error (signal 7)

===================================================================================
=   BAD TERMINATION OF ONE OF YOUR APPLICATION PROCESSES
=   PID 38001 RUNNING AT fj037
=   EXIT CODE: 135
=   CLEANING UP REMAINING PROCESSES
=   YOU CAN IGNORE THE BELOW CLEANUP MESSAGES
===================================================================================
[proxy:0:1@fj018] HYD_pmcd_pmip_control_cmd_cb (pm/pmiserv/pmip_cb.c:911): assert (!closed) failed
[proxy:0:1@fj018] HYDT_dmxu_poll_wait_for_event (tools/demux/demux_poll.c:76): callback returned error status
[proxy:0:1@fj018] main (pm/pmiserv/pmip.c:202): demux engine error waiting for event
[proxy:0:3@fj020] HYD_pmcd_pmip_control_cmd_cb (pm/pmiserv/pmip_cb.c:911): assert (!closed) failed
[proxy:0:3@fj020] HYDT_dmxu_poll_wait_for_event (tools/demux/demux_poll.c:76): callback returned error status
[proxy:0:3@fj020] main (pm/pmiserv/pmip.c:202): demux engine error waiting for event
[proxy:0:2@fj019] HYD_pmcd_pmip_control_cmd_cb (pm/pmiserv/pmip_cb.c:911): assert (!closed) failed
[proxy:0:2@fj019] HYDT_dmxu_poll_wait_for_event (tools/demux/demux_poll.c:76): callback returned error status
[proxy:0:2@fj019] main (pm/pmiserv/pmip.c:202): demux engine error waiting for event
[proxy:0:0@fj017] HYD_pmcd_pmip_control_cmd_cb (pm/pmiserv/pmip_cb.c:911): assert (!closed) failed
[proxy:0:0@fj017] HYDT_dmxu_poll_wait_for_event (tools/demux/demux_poll.c:76): callback returned error status
[proxy:0:0@fj017] main (pm/pmiserv/pmip.c:202): demux engine error waiting for event
[proxy:0:7@fj024] HYD_pmcd_pmip_control_cmd_cb (pm/pmiserv/pmip_cb.c:911): assert (!closed) failed
[proxy:0:7@fj024] HYDT_dmxu_poll_wait_for_event (tools/demux/demux_poll.c:76): callback returned error status
[proxy:0:7@fj024] main (pm/pmiserv/pmip.c:202): demux engine error waiting for event
[proxy:0:9@fj026] HYD_pmcd_pmip_control_cmd_cb (pm/pmiserv/pmip_cb.c:911): assert (!closed) failed
[proxy:0:9@fj026] HYDT_dmxu_poll_wait_for_event (tools/demux/demux_poll.c:76): callback returned error status
[proxy:0:5@fj022] HYD_pmcd_pmip_control_cmd_cb (pm/pmiserv/pmip_cb.c:911): assert (!closed) failed
[proxy:0:5@fj022] HYDT_dmxu_poll_wait_for_event (tools/demux/demux_poll.c:76): callback returned error status
[proxy:0:5@fj022] main (pm/pmiserv/pmip.c:202): demux engine error waiting for event
[proxy:0:4@fj021] HYD_pmcd_pmip_control_cmd_cb (pm/pmiserv/pmip_cb.c:911): assert (!closed) failed
[proxy:0:4@fj021] HYDT_dmxu_poll_wait_for_event (tools/demux/demux_poll.c:76): callback returned error status
[proxy:0:4@fj021] main (pm/pmiserv/pmip.c:202): demux engine error waiting for event
[proxy:0:9@fj026] main (pm/pmiserv/pmip.c:202): demux engine error waiting for event
[proxy:0:6@fj023] HYD_pmcd_pmip_control_cmd_cb (pm/pmiserv/pmip_cb.c:911): assert (!closed) failed
[proxy:0:6@fj023] HYDT_dmxu_poll_wait_for_event (tools/demux/demux_poll.c:76): callback returned error status
[proxy:0:6@fj023] main (pm/pmiserv/pmip.c:202): demux engine error waiting for event
[proxy:0:11@fj028] HYD_pmcd_pmip_control_cmd_cb (pm/pmiserv/pmip_cb.c:911): assert (!closed) failed
[proxy:0:11@fj028] HYDT_dmxu_poll_wait_for_event (tools/demux/demux_poll.c:76): callback returned error status
[proxy:0:11@fj028] main (pm/pmiserv/pmip.c:202): demux engine error waiting for event
[proxy:0:13@fj030] HYD_pmcd_pmip_control_cmd_cb (pm/pmiserv/pmip_cb.c:911): assert (!closed) failed
[proxy:0:13@fj030] HYDT_dmxu_poll_wait_for_event (tools/demux/demux_poll.c:76): callback returned error status
[proxy:0:13@fj030] main (pm/pmiserv/pmip.c:202): demux engine error waiting for event
[proxy:0:17@fj034] HYD_pmcd_pmip_control_cmd_cb (pm/pmiserv/pmip_cb.c:911): assert (!closed) failed
[proxy:0:17@fj034] HYDT_dmxu_poll_wait_for_event (tools/demux/demux_poll.c:76): callback returned error status
[proxy:0:17@fj034] main (pm/pmiserv/pmip.c:202): demux engine error waiting for event
[proxy:0:10@fj027] HYD_pmcd_pmip_control_cmd_cb (pm/pmiserv/pmip_cb.c:911): assert (!closed) failed
[proxy:0:10@fj027] HYDT_dmxu_poll_wait_for_event (tools/demux/demux_poll.c:76): callback returned error status
[proxy:0:10@fj027] main (pm/pmiserv/pmip.c:202): demux engine error waiting for event
[proxy:0:15@fj032] HYD_pmcd_pmip_control_cmd_cb (pm/pmiserv/pmip_cb.c:911): assert (!closed) failed
[proxy:0:15@fj032] HYDT_dmxu_poll_wait_for_event (tools/demux/demux_poll.c:76): callback returned error status
[proxy:0:15@fj032] main (pm/pmiserv/pmip.c:202): demux engine error waiting for event
[proxy:0:14@fj031] HYD_pmcd_pmip_control_cmd_cb (pm/pmiserv/pmip_cb.c:911): assert (!closed) failed
[proxy:0:14@fj031] HYDT_dmxu_poll_wait_for_event (tools/demux/demux_poll.c:76): callback returned error status
[proxy:0:14@fj031] main (pm/pmiserv/pmip.c:202): demux engine error waiting for event
[proxy:0:21@fj038] HYD_pmcd_pmip_control_cmd_cb (pm/pmiserv/pmip_cb.c:911): assert (!closed) failed
[proxy:0:21@fj038] HYDT_dmxu_poll_wait_for_event (tools/demux/demux_poll.c:76): callback returned error status
[proxy:0:21@fj038] main (pm/pmiserv/pmip.c:202): demux engine error waiting for event
[proxy:0:12@fj029] HYD_pmcd_pmip_control_cmd_cb (pm/pmiserv/pmip_cb.c:911): assert (!closed) failed
[proxy:0:12@fj029] HYDT_dmxu_poll_wait_for_event (tools/demux/demux_poll.c:76): callback returned error status
[proxy:0:12@fj029] main (pm/pmiserv/pmip.c:202): demux engine error waiting for event
[proxy:0:22@fj039] HYD_pmcd_pmip_control_cmd_cb (pm/pmiserv/pmip_cb.c:911): assert (!closed) failed
[proxy:0:22@fj039] HYDT_dmxu_poll_wait_for_event (tools/demux/demux_poll.c:76): callback returned error status
[proxy:0:22@fj039] main (pm/pmiserv/pmip.c:202): demux engine error waiting for event
[proxy:0:8@fj025] HYD_pmcd_pmip_control_cmd_cb (pm/pmiserv/pmip_cb.c:911): assert (!closed) failed
[proxy:0:8@fj025] HYDT_dmxu_poll_wait_for_event (tools/demux/demux_poll.c:76): callback returned error status
[proxy:0:8@fj025] main (pm/pmiserv/pmip.c:202): demux engine error waiting for event
[proxy:0:18@fj035] HYD_pmcd_pmip_control_cmd_cb (pm/pmiserv/pmip_cb.c:911): assert (!closed) failed
[proxy:0:18@fj035] HYDT_dmxu_poll_wait_for_event (tools/demux/demux_poll.c:76): callback returned error status
[proxy:0:18@fj035] main (pm/pmiserv/pmip.c:202): demux engine error waiting for event
[proxy:0:16@fj033] HYD_pmcd_pmip_control_cmd_cb (pm/pmiserv/pmip_cb.c:911): assert (!closed) failed
[proxy:0:16@fj033] HYDT_dmxu_poll_wait_for_event (tools/demux/demux_poll.c:76): callback returned error status
[proxy:0:16@fj033] main (pm/pmiserv/pmip.c:202): demux engine error waiting for event
[proxy:0:24@fj049] HYD_pmcd_pmip_control_cmd_cb (pm/pmiserv/pmip_cb.c:911): assert (!closed) failed
[proxy:0:24@fj049] HYDT_dmxu_poll_wait_for_event (tools/demux/demux_poll.c:76): callback returned error status
[proxy:0:24@fj049] main (pm/pmiserv/pmip.c:202): demux engine error waiting for event
[proxy:0:19@fj036] HYD_pmcd_pmip_control_cmd_cb (pm/pmiserv/pmip_cb.c:911): assert (!closed) failed
[proxy:0:19@fj036] HYDT_dmxu_poll_wait_for_event (tools/demux/demux_poll.c:76): callback returned error status
[proxy:0:19@fj036] main (pm/pmiserv/pmip.c:202): demux engine error waiting for event
[proxy:0:23@fj040] HYD_pmcd_pmip_control_cmd_cb (pm/pmiserv/pmip_cb.c:911): assert (!closed) failed
[proxy:0:23@fj040] HYDT_dmxu_poll_wait_for_event (tools/demux/demux_poll.c:76): callback returned error status
[proxy:0:23@fj040] main (pm/pmiserv/pmip.c:202): demux engine error waiting for event
[proxy:0:25@fj050] HYD_pmcd_pmip_control_cmd_cb (pm/pmiserv/pmip_cb.c:911): assert (!closed) failed
[proxy:0:25@fj050] HYDT_dmxu_poll_wait_for_event (tools/demux/demux_poll.c:76): callback returned error status
[proxy:0:25@fj050] main (pm/pmiserv/pmip.c:202): demux engine error waiting for event
[proxy:0:28@fj127] HYD_pmcd_pmip_control_cmd_cb (pm/pmiserv/pmip_cb.c:911): assert (!closed) failed
[proxy:0:28@fj127] HYDT_dmxu_poll_wait_for_event (tools/demux/demux_poll.c:76): callback returned error status
[proxy:0:28@fj127] main (pm/pmiserv/pmip.c:202): demux engine error waiting for event
[proxy:0:27@fj126] HYD_pmcd_pmip_control_cmd_cb (pm/pmiserv/pmip_cb.c:911): assert (!closed) failed
[proxy:0:27@fj126] HYDT_dmxu_poll_wait_for_event (tools/demux/demux_poll.c:76): callback returned error status
[proxy:0:27@fj126] main (pm/pmiserv/pmip.c:202): demux engine error waiting for event
[proxy:0:26@fj125] HYD_pmcd_pmip_control_cmd_cb (pm/pmiserv/pmip_cb.c:911): assert (!closed) failed
[proxy:0:26@fj125] HYDT_dmxu_poll_wait_for_event (tools/demux/demux_poll.c:76): callback returned error status
[proxy:0:26@fj125] main (pm/pmiserv/pmip.c:202): demux engine error waiting for event
[proxy:0:31@fj130] HYD_pmcd_pmip_control_cmd_cb (pm/pmiserv/pmip_cb.c:911): assert (!closed) failed
[proxy:0:31@fj130] HYDT_dmxu_poll_wait_for_event (tools/demux/demux_poll.c:76): callback returned error status
[proxy:0:31@fj130] main (pm/pmiserv/pmip.c:202): demux engine error waiting for event
[proxy:0:29@fj128] HYD_pmcd_pmip_control_cmd_cb (pm/pmiserv/pmip_cb.c:911): assert (!closed) failed
[proxy:0:29@fj128] HYDT_dmxu_poll_wait_for_event (tools/demux/demux_poll.c:76): callback returned error status
[proxy:0:29@fj128] main (pm/pmiserv/pmip.c:202): demux engine error waiting for event
[proxy:0:30@fj129] HYD_pmcd_pmip_control_cmd_cb (pm/pmiserv/pmip_cb.c:911): assert (!closed) failed
[proxy:0:30@fj129] HYDT_dmxu_poll_wait_for_event (tools/demux/demux_poll.c:76): callback returned error status
[proxy:0:30@fj129] main (pm/pmiserv/pmip.c:202): demux engine error waiting for event
[proxy:0:33@fj132] HYD_pmcd_pmip_control_cmd_cb (pm/pmiserv/pmip_cb.c:911): assert (!closed) failed
[proxy:0:33@fj132] HYDT_dmxu_poll_wait_for_event (tools/demux/demux_poll.c:76): callback returned error status
[proxy:0:32@fj131] HYD_pmcd_pmip_control_cmd_cb (pm/pmiserv/pmip_cb.c:911): assert (!closed) failed
[proxy:0:32@fj131] HYDT_dmxu_poll_wait_for_event (tools/demux/demux_poll.c:76): callback returned error status
[proxy:0:32@fj131] main (pm/pmiserv/pmip.c:202): demux engine error waiting for event
[proxy:0:34@fj133] HYD_pmcd_pmip_control_cmd_cb (pm/pmiserv/pmip_cb.c:911): assert (!closed) failed
[proxy:0:34@fj133] HYDT_dmxu_poll_wait_for_event (tools/demux/demux_poll.c:76): callback returned error status
[proxy:0:34@fj133] main (pm/pmiserv/pmip.c:202): demux engine error waiting for event
[proxy:0:33@fj132] main (pm/pmiserv/pmip.c:202): demux engine error waiting for event
[proxy:0:37@fj136] HYD_pmcd_pmip_control_cmd_cb (pm/pmiserv/pmip_cb.c:911): assert (!closed) failed
[proxy:0:37@fj136] HYDT_dmxu_poll_wait_for_event (tools/demux/demux_poll.c:76): callback returned error status
[proxy:0:37@fj136] main (pm/pmiserv/pmip.c:202): demux engine error waiting for event
[proxy:0:36@fj135] HYD_pmcd_pmip_control_cmd_cb (pm/pmiserv/pmip_cb.c:911): assert (!closed) failed
[proxy:0:36@fj135] HYDT_dmxu_poll_wait_for_event (tools/demux/demux_poll.c:76): callback returned error status
[proxy:0:36@fj135] main (pm/pmiserv/pmip.c:202): demux engine error waiting for event
[proxy:0:38@fj137] HYD_pmcd_pmip_control_cmd_cb (pm/pmiserv/pmip_cb.c:911): assert (!closed) failed
[proxy:0:38@fj137] HYDT_dmxu_poll_wait_for_event (tools/demux/demux_poll.c:76): callback returned error status
[proxy:0:38@fj137] main (pm/pmiserv/pmip.c:202): demux engine error waiting for event
[proxy:0:39@fj138] HYD_pmcd_pmip_control_cmd_cb (pm/pmiserv/pmip_cb.c:911): assert (!closed) failed
[proxy:0:39@fj138] HYDT_dmxu_poll_wait_for_event (tools/demux/demux_poll.c:76): callback returned error status
[proxy:0:39@fj138] main (pm/pmiserv/pmip.c:202): demux engine error waiting for event
[proxy:0:40@fj139] HYD_pmcd_pmip_control_cmd_cb (pm/pmiserv/pmip_cb.c:911): assert (!closed) failed
[proxy:0:40@fj139] HYDT_dmxu_poll_wait_for_event (tools/demux/demux_poll.c:76): callback returned error status
[proxy:0:40@fj139] main (pm/pmiserv/pmip.c:202): demux engine error waiting for event
[proxy:0:43@fj142] HYD_pmcd_pmip_control_cmd_cb (pm/pmiserv/pmip_cb.c:911): assert (!closed) failed
[proxy:0:43@fj142] HYDT_dmxu_poll_wait_for_event (tools/demux/demux_poll.c:76): callback returned error status
[proxy:0:43@fj142] main (pm/pmiserv/pmip.c:202): demux engine error waiting for event
[proxy:0:42@fj141] HYD_pmcd_pmip_control_cmd_cb (pm/pmiserv/pmip_cb.c:911): assert (!closed) failed
[proxy:0:42@fj141] HYDT_dmxu_poll_wait_for_event (tools/demux/demux_poll.c:76): callback returned error status
[proxy:0:42@fj141] main (pm/pmiserv/pmip.c:202): demux engine error waiting for event
[proxy:0:41@fj140] HYD_pmcd_pmip_control_cmd_cb (pm/pmiserv/pmip_cb.c:911): assert (!closed) failed
[proxy:0:41@fj140] HYDT_dmxu_poll_wait_for_event (tools/demux/demux_poll.c:76): callback returned error status
[proxy:0:41@fj140] main (pm/pmiserv/pmip.c:202): demux engine error waiting for event
[proxy:0:35@fj134] HYD_pmcd_pmip_control_cmd_cb (pm/pmiserv/pmip_cb.c:911): assert (!closed) failed
[proxy:0:35@fj134] HYDT_dmxu_poll_wait_for_event (tools/demux/demux_poll.c:76): callback returned error status
[proxy:0:35@fj134] main (pm/pmiserv/pmip.c:252): demux engine error waiting for event
[proxy:0:45@fj154] HYD_pmcd_pmip_control_cmd_cb (pm/pmiserv/pmip_cb.c:911): assert (!closed) failed
[proxy:0:45@fj154] HYDT_dmxu_poll_wait_for_event (tools/demux/demux_poll.c:76): callback returned error status
[proxy:0:45@fj154] main (pm/pmiserv/pmip.c:202): demux engine error waiting for event
[proxy:0:46@fj155] HYD_pmcd_pmip_control_cmd_cb (pm/pmiserv/pmip_cb.c:911): assert (!closed) failed
[proxy:0:46@fj155] HYDT_dmxu_poll_wait_for_event (tools/demux/demux_poll.c:76): callback returned error status
[proxy:0:46@fj155] main (pm/pmiserv/pmip.c:202): demux engine error waiting for event
[proxy:0:44@fj153] HYD_pmcd_pmip_control_cmd_cb (pm/pmiserv/pmip_cb.c:911): assert (!closed) failed
[proxy:0:44@fj153] HYDT_dmxu_poll_wait_for_event (tools/demux/demux_poll.c:76): callback returned error status
[proxy:0:48@fj157] HYD_pmcd_pmip_control_cmd_cb (pm/pmiserv/pmip_cb.c:911): assert (!closed) failed
[proxy:0:48@fj157] HYDT_dmxu_poll_wait_for_event (tools/demux/demux_poll.c:76): callback returned error status
[proxy:0:48@fj157] main (pm/pmiserv/pmip.c:202): demux engine error waiting for event
[proxy:0:54@fj163] HYD_pmcd_pmip_control_cmd_cb (pm/pmiserv/pmip_cb.c:911): assert (!closed) failed
[proxy:0:54@fj163] HYDT_dmxu_poll_wait_for_event (tools/demux/demux_poll.c:76): callback returned error status
[proxy:0:54@fj163] main (pm/pmiserv/pmip.c:202): demux engine error waiting for event
[proxy:0:47@fj156] HYD_pmcd_pmip_control_cmd_cb (pm/pmiserv/pmip_cb.c:911): assert (!closed) failed
[proxy:0:47@fj156] HYDT_dmxu_poll_wait_for_event (tools/demux/demux_poll.c:76): callback returned error status
[proxy:0:47@fj156] main (pm/pmiserv/pmip.c:202): demux engine error waiting for event
[proxy:0:49@fj158] HYD_pmcd_pmip_control_cmd_cb (pm/pmiserv/pmip_cb.c:911): assert (!closed) failed
[proxy:0:49@fj158] HYDT_dmxu_poll_wait_for_event (tools/demux/demux_poll.c:76): callback returned error status
[proxy:0:49@fj158] main (pm/pmiserv/pmip.c:202): demux engine error waiting for event
[proxy:0:44@fj153] main (pm/pmiserv/pmip.c:202): demux engine error waiting for event
[proxy:0:55@fj164] HYD_pmcd_pmip_control_cmd_cb (pm/pmiserv/pmip_cb.c:911): assert (!closed) failed
[proxy:0:55@fj164] HYDT_dmxu_poll_wait_for_event (tools/demux/demux_poll.c:76): callback returned error status
[proxy:0:55@fj164] main (pm/pmiserv/pmip.c:202): demux engine error waiting for event
[proxy:0:52@fj161] HYD_pmcd_pmip_control_cmd_cb (pm/pmiserv/pmip_cb.c:911): assert (!closed) failed
[proxy:0:52@fj161] HYDT_dmxu_poll_wait_for_event (tools/demux/demux_poll.c:76): callback returned error status
[proxy:0:52@fj161] main (pm/pmiserv/pmip.c:202): demux engine error waiting for event
[proxy:0:61@fj170] HYD_pmcd_pmip_control_cmd_cb (pm/pmiserv/pmip_cb.c:911): assert (!closed) failed
[proxy:0:61@fj170] HYDT_dmxu_poll_wait_for_event (tools/demux/demux_poll.c:76): callback returned error status
[proxy:0:61@fj170] main (pm/pmiserv/pmip.c:202): demux engine error waiting for event
[proxy:0:59@fj168] HYD_pmcd_pmip_control_cmd_cb (pm/pmiserv/pmip_cb.c:911): assert (!closed) failed
[proxy:0:59@fj168] HYDT_dmxu_poll_wait_for_event (tools/demux/demux_poll.c:76): callback returned error status
[proxy:0:59@fj168] main (pm/pmiserv/pmip.c:202): demux engine error waiting for event
[proxy:0:60@fj169] HYD_pmcd_pmip_control_cmd_cb (pm/pmiserv/pmip_cb.c:911): assert (!closed) failed
[proxy:0:60@fj169] HYDT_dmxu_poll_wait_for_event (tools/demux/demux_poll.c:76): callback returned error status
[proxy:0:60@fj169] main (pm/pmiserv/pmip.c:202): demux engine error waiting for event
[proxy:0:58@fj167] HYD_pmcd_pmip_control_cmd_cb (pm/pmiserv/pmip_cb.c:911): assert (!closed) failed
[proxy:0:58@fj167] HYDT_dmxu_poll_wait_for_event (tools/demux/demux_poll.c:76): callback returned error status
[proxy:0:58@fj167] main (pm/pmiserv/pmip.c:202): demux engine error waiting for event
[proxy:0:62@fj171] HYD_pmcd_pmip_control_cmd_cb (pm/pmiserv/pmip_cb.c:911): assert (!closed) failed
[proxy:0:62@fj171] HYDT_dmxu_poll_wait_for_event (tools/demux/demux_poll.c:76): callback returned error status
[proxy:0:62@fj171] main (pm/pmiserv/pmip.c:202): demux engine error waiting for event
[proxy:0:56@fj165] HYD_pmcd_pmip_control_cmd_cb (pm/pmiserv/pmip_cb.c:911): assert (!closed) failed
[proxy:0:56@fj165] HYDT_dmxu_poll_wait_for_event (tools/demux/demux_poll.c:76): callback returned error status
[proxy:0:56@fj165] main (pm/pmiserv/pmip.c:202): demux engine error waiting for event
[proxy:0:57@fj166] HYD_pmcd_pmip_control_cmd_cb (pm/pmiserv/pmip_cb.c:911): assert (!closed) failed
[proxy:0:57@fj166] HYDT_dmxu_poll_wait_for_event (tools/demux/demux_poll.c:76): callback returned error status
[proxy:0:57@fj166] main (pm/pmiserv/pmip.c:252): demux engine error waiting for event
[proxy:0:63@fj172] HYD_pmcd_pmip_control_cmd_cb (pm/pmiserv/pmip_cb.c:911): assert (!closed) failed
[proxy:0:63@fj172] HYDT_dmxu_poll_wait_for_event (tools/demux/demux_poll.c:76): callback returned error status
[proxy:0:63@fj172] main (pm/pmiserv/pmip.c:202): demux engine error waiting for event
[proxy:0:51@fj160] HYD_pmcd_pmip_control_cmd_cb (pm/pmiserv/pmip_cb.c:911): assert (!closed) failed
[proxy:0:51@fj160] HYDT_dmxu_poll_wait_for_event (tools/demux/demux_poll.c:76): callback returned error status
[proxy:0:51@fj160] main (pm/pmiserv/pmip.c:252): demux engine error waiting for event
[proxy:0:50@fj159] HYD_pmcd_pmip_control_cmd_cb (pm/pmiserv/pmip_cb.c:911): assert (!closed) failed
[proxy:0:50@fj159] HYDT_dmxu_poll_wait_for_event (tools/demux/demux_poll.c:76): callback returned error status
[proxy:0:50@fj159] main (pm/pmiserv/pmip.c:252): demux engine error waiting for event
[proxy:0:53@fj162] HYD_pmcd_pmip_control_cmd_cb (pm/pmiserv/pmip_cb.c:911): assert (!closed) failed
[proxy:0:53@fj162] HYDT_dmxu_poll_wait_for_event (tools/demux/demux_poll.c:76): callback returned error status
[proxy:0:53@fj162] main (pm/pmiserv/pmip.c:252): demux engine error waiting for event
srun: error: fj166: task 57: Exited with exit code 7
srun: error: fj039: task 22: Exited with exit code 7
srun: error: fj035: task 18: Exited with exit code 7
srun: error: fj030: task 13: Exited with exit code 7
srun: error: fj027: task 10: Exited with exit code 7
srun: error: fj050: task 25: Exited with exit code 7
srun: error: fj171: task 62: Exited with exit code 7
srun: error: fj160: task 51: Exited with exit code 7
srun: error: fj017: task 0: Exited with exit code 7
srun: error: fj032: task 15: Exited with exit code 7
srun: error: fj141: task 42: Exited with exit code 7
srun: error: fj154: task 45: Exited with exit code 7
srun: error: fj021: task 4: Exited with exit code 7
srun: error: fj024: task 7: Exited with exit code 7
srun: error: fj139: task 40: Exited with exit code 7
srun: error: fj170: task 61: Exited with exit code 7
srun: error: fj167: task 58: Exited with exit code 7
srun: error: fj130: task 31: Exited with exit code 7
srun: error: fj155: task 46: Exited with exit code 7
srun: error: fj142: task 43: Exited with exit code 7
srun: error: fj033: task 16: Exited with exit code 7
srun: error: fj022: task 5: Exited with exit code 7
srun: error: fj157: task 48: Exited with exit code 7
srun: error: fj036: task 19: Exited with exit code 7
srun: error: fj031: task 14: Exited with exit code 7
srun: error: fj172: task 63: Exited with exit code 7
srun: error: fj159: task 50: Exited with exit code 7
srun: error: fj018: task 1: Exited with exit code 7
srun: error: fj019: task 2: Exited with exit code 7
srun: error: fj034: task 17: Exited with exit code 7
srun: error: fj161: task 52: Exited with exit code 7
srun: error: fj156: task 47: Exited with exit code 7
srun: error: fj029: task 12: Exited with exit code 7
srun: error: fj158: task 49: Exited with exit code 7
srun: error: fj169: task 60: Exited with exit code 7
srun: error: fj026: task 9: Exited with exit code 7
srun: error: fj025: task 8: Exited with exit code 7
srun: error: fj164: task 55: Exited with exit code 7
srun: error: fj125: task 26: Exited with exit code 7
srun: error: fj028: task 11: Exited with exit code 7
srun: error: fj132: task 33: Exited with exit code 7
srun: error: fj128: task 29: Exited with exit code 7
srun: error: fj153: task 44: Exited with exit code 7
srun: error: fj136: task 37: Exited with exit code 7
srun: error: fj168: task 59: Exited with exit code 7
srun: error: fj023: task 6: Exited with exit code 7
srun: error: fj020: task 3: Exited with exit code 7
srun: error: fj137: task 38: Exited with exit code 7
srun: error: fj135: task 36: Exited with exit code 7
srun: error: fj140: task 41: Exited with exit code 7
srun: error: fj165: task 56: Exited with exit code 7
srun: error: fj126: task 27: Exited with exit code 7
srun: error: fj162: task 53: Exited with exit code 7
srun: error: fj129: task 30: Exited with exit code 7
srun: error: fj127: task 28: Exited with exit code 7
srun: error: fj138: task 39: Exited with exit code 7
srun: error: fj131: task 32: Exited with exit code 7
srun: error: fj133: task 34: Exited with exit code 7
srun: error: fj040: task 23: Exited with exit code 7
srun: error: fj049: task 24: Exited with exit code 7
srun: error: fj134: task 35: Exited with exit code 7
srun: error: fj163: task 54: Exited with exit code 7
srun: error: fj038: task 21: Exited with exit code 7
YOUR APPLICATION TERMINATED WITH THE EXIT STRING: Bus error (signal 7)
This typically refers to a problem with your application.
Please see the FAQ page for debugging suggestions
