Loading arm/arm-linux-compiler/armpl/20.3.0
  Loading requirement: arm/gcc/9.3.0 arm/arm-linux-compiler/20.3
loaded modules:
Currently Loaded Modulefiles:
 1) slurm/slurm/19.05.7   4) arm/gcc/9.3.0                        
 2) gcc/10.2.0            5) arm/arm-linux-compiler/20.3          
 3) mvapich2/2.3.4        6) arm/arm-linux-compiler/armpl/20.3.0  
Running script on host: fj097
Working directory: /lustre/projects/Buffalo/appker/benchmarks/hpcc/2020-11-30/gcc_armpl_mvapich/run2/N_16/3
SLURM_NTASKS: 768
Hostnames to use: fj[097-112]
fj097:48
fj098:48
fj099:48
fj100:48
fj101:48
fj102:48
fj103:48
fj104:48
fj105:48
fj106:48
fj107:48
fj108:48
fj109:48
fj110:48
fj111:48
fj112:48
which mpirun: /lustre/projects/global/software/a64fx/mvapich2/2.3.4/bin/mpirun
which app: /lustre/projects/Buffalo/appker/execs/hpcc/hpcc/hpcc_gcc_armpl_mvapich
[fj097:mpi_rank_0][rdma_open_hca] [Warning] Setting the  multirail policy to MV2_MRAIL_SHARING since RDMA_CM based multicast  is enabled.
srun: Job step aborted: Waiting up to 62 seconds for job step to finish.
slurmstepd: error: *** JOB 37555 ON fj097 CANCELLED AT 2020-11-30T17:10:27 ***
