Loading hpcg/3.1_gcc_mvapich2
  Loading requirement: gcc/10.2.0 mvapich2/2.3.4
loaded modules:
Currently Loaded Modulefiles:
 1) slurm/19.05.7         3) gcc/10.2.0       5) hpcg/3.1_gcc_mvapich2  
 2) slurm/slurm/19.05.7   4) mvapich2/2.3.4  
Running script on host: fj049
Working directory: /lustre/projects/Buffalo/appker/benchmarks/hpcg/2020-11-27/gcc_mvapich2/run2/N_8/5
SLURM_NTASKS: 384
Hostnames to use: fj[049-056]
fj049:48
fj050:48
fj051:48
fj052:48
fj053:48
fj054:48
fj055:48
fj056:48
which mpirun: /lustre/projects/global/software/a64fx/mvapich2/2.3.4/bin/mpirun
which app: /lustre/projects/Buffalo/appker/execs/hpcg/3.1/3.1_gcc_mvapich2/bin/xhpcg
[fj049:mpi_rank_0][rdma_open_hca] [Warning] Setting the  multirail policy to MV2_MRAIL_SHARING since RDMA_CM based multicast  is enabled.
