loaded modules:
Currently Loaded Modulefiles:
 1) slurm/slurm/19.05.7   3) mvapich2/2.3.4                     
 2) gcc/10.2.0            4) fftw/3.3.9-rdolbeau-armcl-mvapich  
Running script on host: fj093
Working directory: /lustre/projects/Buffalo/appker/benchmarks/hpcc/2020-11-30/gcc_openblas_fftwrd_mvapich/run2/N_8/9
SLURM_NTASKS: 384
Hostnames to use: fj[093-100]
fj093:48
fj094:48
fj095:48
fj096:48
fj097:48
fj098:48
fj099:48
fj100:48
which mpirun: /lustre/projects/global/software/a64fx/mvapich2/2.3.4/bin/mpirun
which app: /lustre/projects/Buffalo/appker/execs/hpcc/hpcc/hpcc_gcc_openblas_fftwrd_mvapich
[fj093:mpi_rank_0][rdma_open_hca] [Warning] Setting the  multirail policy to MV2_MRAIL_SHARING since RDMA_CM based multicast  is enabled.

===================================================================================
=   BAD TERMINATION OF ONE OF YOUR APPLICATION PROCESSES
=   PID 30692 RUNNING AT fj100
=   EXIT CODE: 9
=   CLEANING UP REMAINING PROCESSES
=   YOU CAN IGNORE THE BELOW CLEANUP MESSAGES
===================================================================================
[proxy:0:0@fj093] HYD_pmcd_pmip_control_cmd_cb (pm/pmiserv/pmip_cb.c:911): assert (!closed) failed
[proxy:0:0@fj093] HYDT_dmxu_poll_wait_for_event (tools/demux/demux_poll.c:76): callback returned error status
[proxy:0:0@fj093] main (pm/pmiserv/pmip.c:202): demux engine error waiting for event
[proxy:0:6@fj099] HYD_pmcd_pmip_control_cmd_cb (pm/pmiserv/pmip_cb.c:911): assert (!closed) failed
[proxy:0:6@fj099] HYDT_dmxu_poll_wait_for_event (tools/demux/demux_poll.c:76): callback returned error status
[proxy:0:6@fj099] main (pm/pmiserv/pmip.c:202): demux engine error waiting for event
[proxy:0:2@fj095] HYD_pmcd_pmip_control_cmd_cb (pm/pmiserv/pmip_cb.c:911): assert (!closed) failed
[proxy:0:2@fj095] HYDT_dmxu_poll_wait_for_event (tools/demux/demux_poll.c:76): callback returned error status
[proxy:0:2@fj095] main (pm/pmiserv/pmip.c:202): demux engine error waiting for event
[proxy:0:1@fj094] HYD_pmcd_pmip_control_cmd_cb (pm/pmiserv/pmip_cb.c:911): assert (!closed) failed
[proxy:0:1@fj094] HYDT_dmxu_poll_wait_for_event (tools/demux/demux_poll.c:76): callback returned error status
[proxy:0:1@fj094] main (pm/pmiserv/pmip.c:202): demux engine error waiting for event
[proxy:0:5@fj098] HYD_pmcd_pmip_control_cmd_cb (pm/pmiserv/pmip_cb.c:911): assert (!closed) failed
[proxy:0:5@fj098] HYDT_dmxu_poll_wait_for_event (tools/demux/demux_poll.c:76): callback returned error status
[proxy:0:5@fj098] main (pm/pmiserv/pmip.c:202): demux engine error waiting for event
[proxy:0:3@fj096] HYD_pmcd_pmip_control_cmd_cb (pm/pmiserv/pmip_cb.c:911): assert (!closed) failed
[proxy:0:3@fj096] HYDT_dmxu_poll_wait_for_event (tools/demux/demux_poll.c:76): callback returned error status
[proxy:0:3@fj096] main (pm/pmiserv/pmip.c:202): demux engine error waiting for event
[proxy:0:4@fj097] HYD_pmcd_pmip_control_cmd_cb (pm/pmiserv/pmip_cb.c:911): assert (!closed) failed
[proxy:0:4@fj097] HYDT_dmxu_poll_wait_for_event (tools/demux/demux_poll.c:76): callback returned error status
[proxy:0:4@fj097] main (pm/pmiserv/pmip.c:202): demux engine error waiting for event
srun: error: fj099: task 6: Exited with exit code 7
srun: error: fj095: task 2: Exited with exit code 7
srun: error: fj093: task 0: Exited with exit code 7
srun: error: fj096: task 3: Exited with exit code 7
srun: error: fj094: task 1: Exited with exit code 7
srun: error: fj098: task 5: Exited with exit code 7
srun: error: fj097: task 4: Exited with exit code 7
YOUR APPLICATION TERMINATED WITH THE EXIT STRING: Killed (signal 9)
This typically refers to a problem with your application.
Please see the FAQ page for debugging suggestions
