loaded modules:
Currently Loaded Modulefiles:
 1) slurm/19.05.7   2) slurm/slurm/19.05.7   3) gcc/10.2.0   4) mvapich2/2.3.4  
Running script on host: fj012
Working directory: /lustre/projects/Buffalo/appker/benchmarks/hpcg/2020-11-12/gcc_mvapich
SLURM_NTASKS: 384
Hostnames to use: fj[012-019]
fj012:48
fj013:48
fj014:48
fj015:48
fj016:48
fj017:48
fj018:48
fj019:48
which app: /lustre/projects/Buffalo/appker/execs/hpcg-3.1/build_gcc_mvapich/bin/xhpcg
[fj012:mpi_rank_0][rdma_open_hca] [Warning] Setting the  multirail policy to MV2_MRAIL_SHARING since RDMA_CM based multicast  is enabled.

===================================================================================
=   BAD TERMINATION OF ONE OF YOUR APPLICATION PROCESSES
=   PID 15193 RUNNING AT fj013
=   EXIT CODE: 9
=   CLEANING UP REMAINING PROCESSES
=   YOU CAN IGNORE THE BELOW CLEANUP MESSAGES
===================================================================================
[proxy:0:0@fj012] HYD_pmcd_pmip_control_cmd_cb (pm/pmiserv/pmip_cb.c:911): assert (!closed) failed
[proxy:0:0@fj012] HYDT_dmxu_poll_wait_for_event (tools/demux/demux_poll.c:76): callback returned error status
[proxy:0:0@fj012] main (pm/pmiserv/pmip.c:202): demux engine error waiting for event
[proxy:0:5@fj017] HYD_pmcd_pmip_control_cmd_cb (pm/pmiserv/pmip_cb.c:911): assert (!closed) failed
[proxy:0:5@fj017] HYDT_dmxu_poll_wait_for_event (tools/demux/demux_poll.c:76): callback returned error status
[proxy:0:5@fj017] main (pm/pmiserv/pmip.c:202): demux engine error waiting for event
[proxy:0:7@fj019] HYD_pmcd_pmip_control_cmd_cb (pm/pmiserv/pmip_cb.c:911): assert (!closed) failed
[proxy:0:7@fj019] HYDT_dmxu_poll_wait_for_event (tools/demux/demux_poll.c:76): callback returned error status
[proxy:0:7@fj019] main (pm/pmiserv/pmip.c:202): demux engine error waiting for event
[proxy:0:3@fj015] HYD_pmcd_pmip_control_cmd_cb (pm/pmiserv/pmip_cb.c:911): assert (!closed) failed
[proxy:0:3@fj015] HYDT_dmxu_poll_wait_for_event (tools/demux/demux_poll.c:76): callback returned error status
[proxy:0:3@fj015] main (pm/pmiserv/pmip.c:202): demux engine error waiting for event
[proxy:0:4@fj016] HYD_pmcd_pmip_control_cmd_cb (pm/pmiserv/pmip_cb.c:911): assert (!closed) failed
[proxy:0:4@fj016] HYDT_dmxu_poll_wait_for_event (tools/demux/demux_poll.c:76): callback returned error status
[proxy:0:6@fj018] HYD_pmcd_pmip_control_cmd_cb (pm/pmiserv/pmip_cb.c:911): assert (!closed) failed
[proxy:0:6@fj018] HYDT_dmxu_poll_wait_for_event (tools/demux/demux_poll.c:76): callback returned error status
[proxy:0:6@fj018] main (pm/pmiserv/pmip.c:202): demux engine error waiting for event
[proxy:0:2@fj014] HYD_pmcd_pmip_control_cmd_cb (pm/pmiserv/pmip_cb.c:911): assert (!closed) failed
[proxy:0:2@fj014] HYDT_dmxu_poll_wait_for_event (tools/demux/demux_poll.c:76): callback returned error status
[proxy:0:2@fj014] main (pm/pmiserv/pmip.c:202): demux engine error waiting for event
[proxy:0:4@fj016] main (pm/pmiserv/pmip.c:202): demux engine error waiting for event
srun: error: fj018: task 6: Exited with exit code 7
srun: error: fj019: task 7: Exited with exit code 7
srun: error: fj015: task 3: Exited with exit code 7
srun: error: fj017: task 5: Exited with exit code 7
srun: error: fj014: task 2: Exited with exit code 7
srun: error: fj012: task 0: Exited with exit code 7
srun: error: fj016: task 4: Exited with exit code 7
YOUR APPLICATION TERMINATED WITH THE EXIT STRING: Killed (signal 9)
This typically refers to a problem with your application.
Please see the FAQ page for debugging suggestions
