loaded modules:
Currently Loaded Modulefiles:
 1) slurm/slurm/19.05.7   3) mvapich2/2.3.4                     
 2) gcc/10.2.0            4) fftw/3.3.9-rdolbeau-armcl-mvapich  
Running script on host: fj029
Working directory: /lustre/projects/Buffalo/appker/benchmarks/hpcc/2020-11-30/gcc_openblas_fftwrd_mvapich/run2/N_8/1
SLURM_NTASKS: 384
Hostnames to use: fj[029-036]
fj029:48
fj030:48
fj031:48
fj032:48
fj033:48
fj034:48
fj035:48
fj036:48
which mpirun: /lustre/projects/global/software/a64fx/mvapich2/2.3.4/bin/mpirun
which app: /lustre/projects/Buffalo/appker/execs/hpcc/hpcc/hpcc_gcc_openblas_fftwrd_mvapich
[fj029:mpi_rank_0][rdma_open_hca] [Warning] Setting the  multirail policy to MV2_MRAIL_SHARING since RDMA_CM based multicast  is enabled.

===================================================================================
=   BAD TERMINATION OF ONE OF YOUR APPLICATION PROCESSES
=   PID 36994 RUNNING AT fj035
=   EXIT CODE: 9
=   CLEANING UP REMAINING PROCESSES
=   YOU CAN IGNORE THE BELOW CLEANUP MESSAGES
===================================================================================
[proxy:0:0@fj029] HYD_pmcd_pmip_control_cmd_cb (pm/pmiserv/pmip_cb.c:911): assert (!closed) failed
[proxy:0:0@fj029] HYDT_dmxu_poll_wait_for_event (tools/demux/demux_poll.c:76): callback returned error status
[proxy:0:0@fj029] main (pm/pmiserv/pmip.c:202): demux engine error waiting for event
[proxy:0:2@fj031] HYD_pmcd_pmip_control_cmd_cb (pm/pmiserv/pmip_cb.c:911): assert (!closed) failed
[proxy:0:2@fj031] HYDT_dmxu_poll_wait_for_event (tools/demux/demux_poll.c:76): callback returned error status
[proxy:0:2@fj031] main (pm/pmiserv/pmip.c:202): demux engine error waiting for event
[proxy:0:7@fj036] HYD_pmcd_pmip_control_cmd_cb (pm/pmiserv/pmip_cb.c:911): assert (!closed) failed
[proxy:0:7@fj036] HYDT_dmxu_poll_wait_for_event (tools/demux/demux_poll.c:76): callback returned error status
[proxy:0:7@fj036] main (pm/pmiserv/pmip.c:202): demux engine error waiting for event
[proxy:0:5@fj034] HYD_pmcd_pmip_control_cmd_cb (pm/pmiserv/pmip_cb.c:911): assert (!closed) failed
[proxy:0:5@fj034] HYDT_dmxu_poll_wait_for_event (tools/demux/demux_poll.c:76): callback returned error status
[proxy:0:5@fj034] main (pm/pmiserv/pmip.c:202): demux engine error waiting for event
[proxy:0:4@fj033] HYD_pmcd_pmip_control_cmd_cb (pm/pmiserv/pmip_cb.c:911): assert (!closed) failed
[proxy:0:4@fj033] HYDT_dmxu_poll_wait_for_event (tools/demux/demux_poll.c:76): callback returned error status
[proxy:0:4@fj033] main (pm/pmiserv/pmip.c:202): demux engine error waiting for event
[proxy:0:3@fj032] HYD_pmcd_pmip_control_cmd_cb (pm/pmiserv/pmip_cb.c:911): assert (!closed) failed
[proxy:0:3@fj032] HYDT_dmxu_poll_wait_for_event (tools/demux/demux_poll.c:76): callback returned error status
[proxy:0:3@fj032] main (pm/pmiserv/pmip.c:202): demux engine error waiting for event
[proxy:0:1@fj030] HYD_pmcd_pmip_control_cmd_cb (pm/pmiserv/pmip_cb.c:911): assert (!closed) failed
[proxy:0:1@fj030] HYDT_dmxu_poll_wait_for_event (tools/demux/demux_poll.c:76): callback returned error status
[proxy:0:1@fj030] main (pm/pmiserv/pmip.c:202): demux engine error waiting for event
srun: error: fj033: task 4: Exited with exit code 7
srun: error: fj036: task 7: Exited with exit code 7
srun: error: fj032: task 3: Exited with exit code 7
srun: error: fj029: task 0: Exited with exit code 7
srun: error: fj031: task 2: Exited with exit code 7
srun: error: fj034: task 5: Exited with exit code 7
srun: error: fj030: task 1: Exited with exit code 7
YOUR APPLICATION TERMINATED WITH THE EXIT STRING: Killed (signal 9)
This typically refers to a problem with your application.
Please see the FAQ page for debugging suggestions
