Loading hpcg/3.1_gcc_mvapich2
  Loading requirement: gcc/10.2.0 mvapich2/2.3.4
loaded modules:
Currently Loaded Modulefiles:
 1) slurm/19.05.7         3) gcc/10.2.0       5) hpcg/3.1_gcc_mvapich2  
 2) slurm/slurm/19.05.7   4) mvapich2/2.3.4  
Running script on host: fj129
Working directory: /lustre/projects/Buffalo/appker/benchmarks/hpcg/2020-11-27/gcc_mvapich2/run1/N_8/1
SLURM_NTASKS: 384
Hostnames to use: fj[129-136]
fj129:48
fj130:48
fj131:48
fj132:48
fj133:48
fj134:48
fj135:48
fj136:48
which mpirun: /lustre/projects/global/software/a64fx/mvapich2/2.3.4/bin/mpirun
which app: /lustre/projects/Buffalo/appker/execs/hpcg/3.1/3.1_gcc_mvapich2/bin/xhpcg
[fj129:mpi_rank_0][rdma_open_hca] [Warning] Setting the  multirail policy to MV2_MRAIL_SHARING since RDMA_CM based multicast  is enabled.
